<?xml version="1.0" encoding="utf-8"?>
<CoverageSession xmlns:xsd="http://www.w3.org/2001/XMLSchema" xmlns:xsi="http://www.w3.org/2001/XMLSchema-instance" Version="4.7.922.0">
  <Summary numSequencePoints="83" visitedSequencePoints="11" numBranchPoints="119" visitedBranchPoints="3" sequenceCoverage="13.25" branchCoverage="2.52" maxCyclomaticComplexity="38" minCyclomaticComplexity="1" maxCrapScore="1482" minCrapScore="1" visitedClasses="1" numClasses="17" visitedMethods="3" numMethods="29" />
  <Modules>
    <Module skippedDueTo="Filter" hash="C8-90-92-10-57-8D-FD-75-6B-14-44-95-70-D2-A7-A2-2C-FE-67-22">
      <ModulePath>C:\Program Files\dotnet\shared\Microsoft.NETCore.App\2.2.3\System.Private.CoreLib.dll</ModulePath>
      <ModuleTime>2019-02-14T10:10:48Z</ModuleTime>
      <ModuleName>System.Private.CoreLib</ModuleName>
      <Classes />
    </Module>
    <Module skippedDueTo="Filter" hash="C9-3E-13-23-38-37-98-E9-1C-53-0F-78-EA-07-9E-23-BF-6E-A9-22">
      <ModulePath>C:\Program Files\dotnet\sdk\2.2.202\dotnet.dll</ModulePath>
      <ModuleTime>2019-03-13T04:22:06Z</ModuleTime>
      <ModuleName>dotnet</ModuleName>
      <Classes />
    </Module>
    <Module skippedDueTo="Filter" hash="AB-18-BA-B2-75-F1-BD-B4-A8-81-F4-46-A2-98-6A-E2-0D-45-B0-C4">
      <ModulePath>C:\Program Files\dotnet\shared\Microsoft.NETCore.App\2.2.3\System.Runtime.dll</ModulePath>
      <ModuleTime>2019-02-14T10:10:48Z</ModuleTime>
      <ModuleName>System.Runtime</ModuleName>
      <Classes />
    </Module>
    <Module skippedDueTo="Filter" hash="46-45-F2-CF-52-42-58-E3-40-8A-FF-F3-9C-0D-19-4D-63-9B-D3-C8">
      <ModulePath>C:\Program Files\dotnet\sdk\2.2.202\Microsoft.DotNet.Cli.Utils.dll</ModulePath>
      <ModuleTime>2019-03-13T04:25:56Z</ModuleTime>
      <ModuleName>Microsoft.DotNet.Cli.Utils</ModuleName>
      <Classes />
    </Module>
    <Module skippedDueTo="Filter" hash="C0-88-F2-D2-EE-29-3C-46-95-1B-53-A3-63-1E-35-34-86-A0-F1-C4">
      <ModulePath>C:\Program Files\dotnet\shared\Microsoft.NETCore.App\2.2.3\System.Runtime.Extensions.dll</ModulePath>
      <ModuleTime>2019-02-14T10:10:48Z</ModuleTime>
      <ModuleName>System.Runtime.Extensions</ModuleName>
      <Classes />
    </Module>
    <Module skippedDueTo="Filter" hash="0A-09-2D-F8-41-F4-56-70-D9-83-02-EF-4F-3A-B7-7F-A8-7E-12-4F">
      <ModulePath>C:\Program Files\dotnet\shared\Microsoft.NETCore.App\2.2.3\System.Runtime.Loader.dll</ModulePath>
      <ModuleTime>2019-02-14T10:10:48Z</ModuleTime>
      <ModuleName>System.Runtime.Loader</ModuleName>
      <Classes />
    </Module>
    <Module skippedDueTo="Filter" hash="69-96-84-E4-A2-D6-BE-BE-F5-32-77-8D-9E-28-99-34-AF-8C-65-BA">
      <ModulePath>C:\Program Files\dotnet\sdk\2.2.202\Microsoft.DotNet.PlatformAbstractions.dll</ModulePath>
      <ModuleTime>2019-03-13T04:25:48Z</ModuleTime>
      <ModuleName>Microsoft.DotNet.PlatformAbstractions</ModuleName>
      <Classes />
    </Module>
    <Module skippedDueTo="Filter" hash="F4-40-20-01-00-58-33-39-16-78-E7-0B-4A-5A-DB-66-30-A0-1F-EC">
      <ModulePath>C:\Program Files\dotnet\shared\Microsoft.NETCore.App\2.2.3\System.Runtime.InteropServices.RuntimeInformation.dll</ModulePath>
      <ModuleTime>2019-02-14T10:10:48Z</ModuleTime>
      <ModuleName>System.Runtime.InteropServices.RuntimeInformation</ModuleName>
      <Classes />
    </Module>
    <Module skippedDueTo="Filter" hash="29-9D-77-1D-75-7E-63-F5-D3-9A-FC-EB-05-B8-A5-A0-08-19-BF-23">
      <ModulePath>C:\Program Files\dotnet\shared\Microsoft.NETCore.App\2.2.3\System.Runtime.InteropServices.dll</ModulePath>
      <ModuleTime>2019-02-14T10:10:48Z</ModuleTime>
      <ModuleName>System.Runtime.InteropServices</ModuleName>
      <Classes />
    </Module>
    <Module skippedDueTo="Filter" hash="72-3A-FC-B3-39-C2-A0-53-23-0C-C9-04-B4-18-C4-B9-B9-89-39-CE">
      <ModulePath>C:\Program Files\dotnet\shared\Microsoft.NETCore.App\2.2.3\System.Threading.dll</ModulePath>
      <ModuleTime>2019-02-14T10:10:48Z</ModuleTime>
      <ModuleName>System.Threading</ModuleName>
      <Classes />
    </Module>
    <Module skippedDueTo="Filter" hash="D8-4F-F8-11-12-5E-45-AC-18-C4-2B-DF-B1-5B-A8-11-8E-C8-A3-75">
      <ModulePath>C:\Program Files\dotnet\shared\Microsoft.NETCore.App\2.2.3\System.IO.FileSystem.dll</ModulePath>
      <ModuleTime>2019-02-14T10:10:46Z</ModuleTime>
      <ModuleName>System.IO.FileSystem</ModuleName>
      <Classes />
    </Module>
    <Module skippedDueTo="Filter" hash="13-C1-B8-F4-61-F9-69-68-E6-F1-AF-F7-B4-5A-78-6A-1B-0B-97-B9">
      <ModulePath>C:\Program Files\dotnet\sdk\2.2.202\runtimes\win\lib\netcoreapp2.0\System.Text.Encoding.CodePages.dll</ModulePath>
      <ModuleTime>2019-03-13T04:22:14Z</ModuleTime>
      <ModuleName>System.Text.Encoding.CodePages</ModuleName>
      <Classes />
    </Module>
    <Module skippedDueTo="Filter" hash="65-6E-94-FB-55-E8-47-27-27-46-77-45-6E-89-E3-C2-7A-C4-B6-FC">
      <ModulePath>C:\Program Files\dotnet\shared\Microsoft.NETCore.App\2.2.3\System.Collections.dll</ModulePath>
      <ModuleTime>2019-02-14T10:10:46Z</ModuleTime>
      <ModuleName>System.Collections</ModuleName>
      <Classes />
    </Module>
    <Module skippedDueTo="Filter" hash="69-04-81-73-71-8E-9A-F6-72-3C-15-A5-1A-25-6E-A6-D8-9D-33-5E">
      <ModulePath>C:\Program Files\dotnet\shared\Microsoft.NETCore.App\2.2.3\System.Collections.Concurrent.dll</ModulePath>
      <ModuleTime>2019-02-14T10:10:46Z</ModuleTime>
      <ModuleName>System.Collections.Concurrent</ModuleName>
      <Classes />
    </Module>
    <Module skippedDueTo="Filter" hash="CA-CC-55-64-63-DB-CC-41-9E-8B-CD-7F-91-C7-4D-4D-E2-83-97-FA">
      <ModulePath>C:\Program Files\dotnet\shared\Microsoft.NETCore.App\2.2.3\System.Threading.Thread.dll</ModulePath>
      <ModuleTime>2019-02-14T10:10:48Z</ModuleTime>
      <ModuleName>System.Threading.Thread</ModuleName>
      <Classes />
    </Module>
    <Module skippedDueTo="Filter" hash="C4-59-BA-16-B6-83-5A-F8-DC-33-D3-C5-4F-67-96-1C-AE-79-E3-1F">
      <ModulePath>C:\Program Files\dotnet\sdk\2.2.202\Microsoft.DotNet.Configurer.dll</ModulePath>
      <ModuleTime>2019-03-13T04:25:46Z</ModuleTime>
      <ModuleName>Microsoft.DotNet.Configurer</ModuleName>
      <Classes />
    </Module>
    <Module skippedDueTo="Filter" hash="E6-C9-0E-48-71-5B-0A-11-F9-5E-71-C7-A1-3A-A6-29-F8-1E-27-B7">
      <ModulePath>C:\Program Files\dotnet\sdk\2.2.202\Microsoft.DotNet.Cli.CommandLine.dll</ModulePath>
      <ModuleTime>2019-03-13T04:25:46Z</ModuleTime>
      <ModuleName>Microsoft.DotNet.Cli.CommandLine</ModuleName>
      <Classes />
    </Module>
    <Module skippedDueTo="Filter" hash="7D-55-61-F1-3C-1F-1F-C0-B5-76-87-B4-89-B3-D5-EA-DB-E9-D0-AE">
      <ModulePath>C:\Program Files\dotnet\shared\Microsoft.NETCore.App\2.2.3\System.Diagnostics.Process.dll</ModulePath>
      <ModuleTime>2019-02-14T10:10:46Z</ModuleTime>
      <ModuleName>System.Diagnostics.Process</ModuleName>
      <Classes />
    </Module>
    <Module skippedDueTo="Filter" hash="54-12-66-D3-76-4D-C5-4A-1F-C7-26-9F-57-E3-9A-03-18-B1-C2-2B">
      <ModulePath>C:\Program Files\dotnet\sdk\2.2.202\Microsoft.DotNet.InternalAbstractions.dll</ModulePath>
      <ModuleTime>2019-03-13T04:25:46Z</ModuleTime>
      <ModuleName>Microsoft.DotNet.InternalAbstractions</ModuleName>
      <Classes />
    </Module>
    <Module skippedDueTo="Filter" hash="91-A0-61-8C-2D-31-61-2B-51-76-2E-59-A7-C4-65-A8-46-5F-20-A2">
      <ModulePath>C:\Program Files\dotnet\shared\Microsoft.NETCore.App\2.2.3\System.Linq.dll</ModulePath>
      <ModuleTime>2019-02-14T10:10:46Z</ModuleTime>
      <ModuleName>System.Linq</ModuleName>
      <Classes />
    </Module>
    <Module skippedDueTo="Filter" hash="45-1E-D4-6C-CB-F0-CE-FA-E2-40-89-9B-20-27-AD-8C-79-74-20-77">
      <ModulePath>C:\Program Files\dotnet\sdk\2.2.202\NuGet.Frameworks.dll</ModulePath>
      <ModuleTime>2019-03-13T04:28:12Z</ModuleTime>
      <ModuleName>NuGet.Frameworks</ModuleName>
      <Classes />
    </Module>
    <Module skippedDueTo="Filter" hash="8D-8F-EC-99-A8-8C-27-3C-0E-D4-6E-BE-E9-03-BC-E4-FF-9E-B6-31">
      <ModulePath>C:\Program Files\dotnet\shared\Microsoft.NETCore.App\2.2.3\netstandard.dll</ModulePath>
      <ModuleTime>2019-02-14T10:10:48Z</ModuleTime>
      <ModuleName>netstandard</ModuleName>
      <Classes />
    </Module>
    <Module skippedDueTo="Filter" hash="46-88-E1-5B-05-A0-34-A4-39-6B-24-02-8D-AA-97-2A-AC-BD-CD-2D">
      <ModulePath>C:\Program Files\dotnet\shared\Microsoft.NETCore.App\2.2.3\System.Console.dll</ModulePath>
      <ModuleTime>2019-02-14T10:10:46Z</ModuleTime>
      <ModuleName>System.Console</ModuleName>
      <Classes />
    </Module>
    <Module skippedDueTo="Filter" hash="6F-2E-9A-54-0A-F8-CE-7D-A7-D5-05-10-17-70-0D-03-CD-B7-93-F6">
      <ModulePath>C:\Program Files\dotnet\shared\Microsoft.NETCore.App\2.2.3\System.IO.FileSystem.Primitives.dll</ModulePath>
      <ModuleTime>2019-02-14T10:10:46Z</ModuleTime>
      <ModuleName>System.IO.FileSystem.Primitives</ModuleName>
      <Classes />
    </Module>
    <Module skippedDueTo="Filter" hash="65-C6-85-9D-1B-D7-2E-24-22-C5-CA-68-64-69-0C-B8-DA-D7-69-65">
      <ModulePath>C:\Program Files\dotnet\shared\Microsoft.NETCore.App\2.2.3\System.Memory.dll</ModulePath>
      <ModuleTime>2019-02-14T10:10:46Z</ModuleTime>
      <ModuleName>System.Memory</ModuleName>
      <Classes />
    </Module>
    <Module skippedDueTo="Filter" hash="76-CF-3D-2F-AA-46-BE-60-5E-5C-3D-59-7D-4F-8B-C5-E6-C1-6F-FE">
      <ModulePath>C:\Program Files\dotnet\shared\Microsoft.NETCore.App\2.2.3\System.IO.dll</ModulePath>
      <ModuleTime>2019-02-14T10:10:46Z</ModuleTime>
      <ModuleName>System.IO</ModuleName>
      <Classes />
    </Module>
    <Module skippedDueTo="Filter" hash="A0-1B-B5-D1-21-40-34-B8-E7-35-C6-08-EB-B5-72-06-75-49-10-03">
      <ModulePath>C:\Program Files\dotnet\shared\Microsoft.NETCore.App\2.2.3\System.Text.Encoding.Extensions.dll</ModulePath>
      <ModuleTime>2019-02-14T10:10:48Z</ModuleTime>
      <ModuleName>System.Text.Encoding.Extensions</ModuleName>
      <Classes />
    </Module>
    <Module skippedDueTo="Filter" hash="A8-D3-54-27-26-89-8F-B8-6A-97-81-0C-29-1E-EE-A3-97-8A-25-81">
      <ModulePath>C:\Program Files\dotnet\sdk\2.2.202\Microsoft.ApplicationInsights.dll</ModulePath>
      <ModuleTime>2019-03-13T04:25:56Z</ModuleTime>
      <ModuleName>Microsoft.ApplicationInsights</ModuleName>
      <Classes />
    </Module>
    <Module skippedDueTo="Filter" hash="7D-47-7D-37-3A-09-71-AE-77-95-D5-5D-E0-F2-3A-8C-0F-88-35-1D">
      <ModulePath>C:\Program Files\dotnet\shared\Microsoft.NETCore.App\2.2.3\System.Reflection.Extensions.dll</ModulePath>
      <ModuleTime>2019-02-14T10:10:48Z</ModuleTime>
      <ModuleName>System.Reflection.Extensions</ModuleName>
      <Classes />
    </Module>
    <Module skippedDueTo="Filter" hash="B8-E7-F1-86-D3-F9-46-F3-6F-5D-60-D3-F1-24-8F-7A-B0-68-DC-BF">
      <ModulePath>C:\Program Files\dotnet\shared\Microsoft.NETCore.App\2.2.3\System.Reflection.dll</ModulePath>
      <ModuleTime>2019-02-14T10:10:48Z</ModuleTime>
      <ModuleName>System.Reflection</ModuleName>
      <Classes />
    </Module>
    <Module skippedDueTo="Filter" hash="C9-D3-CB-D6-44-A8-28-7A-02-20-37-D9-B7-6F-AA-B5-B2-AA-56-FD">
      <ModulePath>C:\Program Files\dotnet\shared\Microsoft.NETCore.App\2.2.3\System.Xml.XDocument.dll</ModulePath>
      <ModuleTime>2019-02-14T10:10:48Z</ModuleTime>
      <ModuleName>System.Xml.XDocument</ModuleName>
      <Classes />
    </Module>
    <Module skippedDueTo="Filter" hash="43-09-76-E0-0F-5F-FA-2B-D7-51-F2-7D-29-FF-5A-E7-DC-58-E6-5B">
      <ModulePath>C:\Program Files\dotnet\shared\Microsoft.NETCore.App\2.2.3\System.Private.Xml.Linq.dll</ModulePath>
      <ModuleTime>2019-02-14T10:10:48Z</ModuleTime>
      <ModuleName>System.Private.Xml.Linq</ModuleName>
      <Classes />
    </Module>
    <Module skippedDueTo="Filter" hash="EB-95-8D-0C-A9-81-F8-5C-64-86-6D-4B-D3-D0-2C-A7-D5-E7-E7-AB">
      <ModulePath>C:\Program Files\dotnet\shared\Microsoft.NETCore.App\2.2.3\System.Security.Cryptography.Algorithms.dll</ModulePath>
      <ModuleTime>2019-02-14T10:10:48Z</ModuleTime>
      <ModuleName>System.Security.Cryptography.Algorithms</ModuleName>
      <Classes />
    </Module>
    <Module skippedDueTo="Filter" hash="68-5A-24-75-F5-57-31-8E-1B-2E-55-A0-0D-8E-3F-B1-26-E0-87-A9">
      <ModulePath>C:\Program Files\dotnet\shared\Microsoft.NETCore.App\2.2.3\System.Security.Cryptography.Primitives.dll</ModulePath>
      <ModuleTime>2019-02-14T10:10:48Z</ModuleTime>
      <ModuleName>System.Security.Cryptography.Primitives</ModuleName>
      <Classes />
    </Module>
    <Module skippedDueTo="Filter" hash="93-69-84-23-FC-72-63-4A-6B-A6-1C-BC-1D-24-5D-99-46-21-BA-C8">
      <ModulePath>C:\Program Files\dotnet\shared\Microsoft.NETCore.App\2.2.3\System.Private.Xml.dll</ModulePath>
      <ModuleTime>2019-02-14T10:10:48Z</ModuleTime>
      <ModuleName>System.Private.Xml</ModuleName>
      <Classes />
    </Module>
    <Module skippedDueTo="Filter" hash="36-7F-52-C4-44-DF-E9-FC-81-5A-25-29-DF-3E-E4-00-18-18-E9-FD">
      <ModulePath>C:\Program Files\dotnet\sdk\2.2.202\Microsoft.TemplateEngine.Cli.dll</ModulePath>
      <ModuleTime>2019-03-13T04:25:58Z</ModuleTime>
      <ModuleName>Microsoft.TemplateEngine.Cli</ModuleName>
      <Classes />
    </Module>
    <Module skippedDueTo="Filter" hash="C6-18-C3-63-C4-02-71-9D-8B-DF-36-92-A5-45-FB-29-3D-CF-90-0C">
      <ModulePath>C:\Program Files\dotnet\shared\Microsoft.NETCore.App\2.2.3\System.Xml.ReaderWriter.dll</ModulePath>
      <ModuleTime>2019-02-14T10:10:48Z</ModuleTime>
      <ModuleName>System.Xml.ReaderWriter</ModuleName>
      <Classes />
    </Module>
    <Module skippedDueTo="Filter" hash="25-10-2D-E6-FB-13-3E-8A-CC-6F-82-A1-CB-58-0D-E7-59-92-BA-3F">
      <ModulePath>C:\Program Files\dotnet\shared\Microsoft.NETCore.App\2.2.3\System.Diagnostics.Tracing.dll</ModulePath>
      <ModuleTime>2019-02-14T10:10:46Z</ModuleTime>
      <ModuleName>System.Diagnostics.Tracing</ModuleName>
      <Classes />
    </Module>
    <Module skippedDueTo="Filter" hash="55-0E-F3-13-8E-31-94-53-26-69-B0-FB-67-19-CF-65-49-B2-FC-1E">
      <ModulePath>C:\Program Files\dotnet\shared\Microsoft.NETCore.App\2.2.3\System.Resources.ResourceManager.dll</ModulePath>
      <ModuleTime>2019-02-14T10:10:48Z</ModuleTime>
      <ModuleName>System.Resources.ResourceManager</ModuleName>
      <Classes />
    </Module>
    <Module skippedDueTo="Filter" hash="1D-EF-1D-F5-6F-1B-88-F7-16-FC-1B-AF-D9-A7-F4-F1-9F-79-3D-0B">
      <ModulePath>C:\Program Files\dotnet\shared\Microsoft.NETCore.App\2.2.3\System.Globalization.dll</ModulePath>
      <ModuleTime>2019-02-14T10:10:46Z</ModuleTime>
      <ModuleName>System.Globalization</ModuleName>
      <Classes />
    </Module>
    <Module skippedDueTo="Filter" hash="CD-FB-45-96-0F-35-5F-C9-F7-87-F1-E9-5A-90-75-41-63-B7-4B-D3">
      <ModulePath>C:\Program Files\dotnet\shared\Microsoft.NETCore.App\2.2.3\System.Private.Uri.dll</ModulePath>
      <ModuleTime>2019-02-14T10:10:48Z</ModuleTime>
      <ModuleName>System.Private.Uri</ModuleName>
      <Classes />
    </Module>
    <Module skippedDueTo="Filter" hash="2A-29-78-7B-F3-F4-A0-90-F3-B6-3A-2B-3B-96-03-63-5F-76-9C-4C">
      <ModulePath>C:\Program Files\dotnet\shared\Microsoft.NETCore.App\2.2.3\System.Threading.Tasks.dll</ModulePath>
      <ModuleTime>2019-02-14T10:10:48Z</ModuleTime>
      <ModuleName>System.Threading.Tasks</ModuleName>
      <Classes />
    </Module>
    <Module skippedDueTo="Filter" hash="54-07-77-70-F0-0F-C2-25-EE-43-90-E9-73-92-EB-97-28-83-40-8B">
      <ModulePath>C:\Program Files\dotnet\shared\Microsoft.NETCore.App\2.2.3\System.Text.RegularExpressions.dll</ModulePath>
      <ModuleTime>2019-02-14T10:10:48Z</ModuleTime>
      <ModuleName>System.Text.RegularExpressions</ModuleName>
      <Classes />
    </Module>
    <Module skippedDueTo="Filter" hash="DA-D1-B7-D1-A2-14-5A-79-46-9C-34-EA-9C-9D-E6-0B-36-8D-02-DC">
      <ModulePath>C:\Program Files\dotnet\shared\Microsoft.NETCore.App\2.2.3\System.Buffers.dll</ModulePath>
      <ModuleTime>2019-02-14T10:10:46Z</ModuleTime>
      <ModuleName>System.Buffers</ModuleName>
      <Classes />
    </Module>
    <Module skippedDueTo="Filter" hash="18-FB-C1-26-09-E6-80-C4-CD-C4-27-44-2A-2F-52-34-98-63-84-CE">
      <ModulePath>C:\Program Files\dotnet\shared\Microsoft.NETCore.App\2.2.3\System.Reflection.Emit.ILGeneration.dll</ModulePath>
      <ModuleTime>2019-02-14T10:10:48Z</ModuleTime>
      <ModuleName>System.Reflection.Emit.ILGeneration</ModuleName>
      <Classes />
    </Module>
    <Module skippedDueTo="Filter" hash="AF-8B-97-B7-B7-18-29-D1-6E-B5-E3-D3-91-57-1C-6A-44-55-55-03">
      <ModulePath>C:\Program Files\dotnet\shared\Microsoft.NETCore.App\2.2.3\Microsoft.Win32.Registry.dll</ModulePath>
      <ModuleTime>2019-02-14T10:10:46Z</ModuleTime>
      <ModuleName>Microsoft.Win32.Registry</ModuleName>
      <Classes />
    </Module>
    <Module skippedDueTo="Filter" hash="EA-00-20-45-44-F3-53-CE-6A-5D-36-3D-A4-AB-1F-62-58-87-F5-6E">
      <ModulePath>C:\Program Files\dotnet\shared\Microsoft.NETCore.App\2.2.3\System.Reflection.Emit.Lightweight.dll</ModulePath>
      <ModuleTime>2019-02-14T10:10:48Z</ModuleTime>
      <ModuleName>System.Reflection.Emit.Lightweight</ModuleName>
      <Classes />
    </Module>
    <Module skippedDueTo="Filter" hash="2B-E4-55-8C-04-8F-45-BA-24-3D-04-C5-31-7A-D9-48-4D-7A-D2-97">
      <ModulePath>C:\Program Files\dotnet\shared\Microsoft.NETCore.App\2.2.3\System.Reflection.Primitives.dll</ModulePath>
      <ModuleTime>2019-02-14T10:10:48Z</ModuleTime>
      <ModuleName>System.Reflection.Primitives</ModuleName>
      <Classes />
    </Module>
    <Module skippedDueTo="Filter" hash="BF-98-65-E5-4B-19-09-B2-D3-3E-DB-43-FC-ED-4F-35-56-A0-5D-2E">
      <ModulePath>C:\Program Files\dotnet\shared\Microsoft.NETCore.App\2.2.3\System.Diagnostics.Tools.dll</ModulePath>
      <ModuleTime>2019-02-14T10:10:46Z</ModuleTime>
      <ModuleName>System.Diagnostics.Tools</ModuleName>
      <Classes />
    </Module>
    <Module skippedDueTo="Filter" hash="62-F3-D1-ED-87-9C-62-0C-A4-C7-B5-BE-FF-1D-3D-F2-0D-30-AA-35">
      <ModulePath>C:\Program Files\dotnet\shared\Microsoft.NETCore.App\2.2.3\System.Diagnostics.Debug.dll</ModulePath>
      <ModuleTime>2019-02-14T10:10:46Z</ModuleTime>
      <ModuleName>System.Diagnostics.Debug</ModuleName>
      <Classes />
    </Module>
    <Module skippedDueTo="Filter" hash="35-81-60-49-FA-E3-57-0B-0E-65-6C-F1-24-CC-9C-C3-31-C0-BB-79">
      <ModulePath>C:\Program Files\dotnet\shared\Microsoft.NETCore.App\2.2.3\System.Text.Encoding.dll</ModulePath>
      <ModuleTime>2019-02-14T10:10:48Z</ModuleTime>
      <ModuleName>System.Text.Encoding</ModuleName>
      <Classes />
    </Module>
    <Module skippedDueTo="Filter" hash="ED-2E-65-4F-A8-1D-56-A9-B9-0A-94-6F-EA-0B-D7-83-CC-8B-56-77">
      <ModulePath>C:\Program Files\dotnet\shared\Microsoft.NETCore.App\2.2.3\System.IO.Compression.dll</ModulePath>
      <ModuleTime>2019-02-14T10:10:46Z</ModuleTime>
      <ModuleName>System.IO.Compression</ModuleName>
      <Classes />
    </Module>
    <Module skippedDueTo="Filter" hash="B9-39-54-EC-B4-4C-6E-AE-28-A7-28-8E-DC-6E-35-B4-14-D2-5A-64">
      <ModulePath>C:\Program Files\dotnet\sdk\2.2.202\Microsoft.TemplateEngine.Utils.dll</ModulePath>
      <ModuleTime>2019-03-13T04:25:50Z</ModuleTime>
      <ModuleName>Microsoft.TemplateEngine.Utils</ModuleName>
      <Classes />
    </Module>
    <Module skippedDueTo="Filter" hash="14-AF-1F-1E-2C-A2-BD-1D-C4-DE-0F-8C-D1-15-67-D9-3B-9D-9D-6F">
      <ModulePath>C:\Program Files\dotnet\shared\Microsoft.NETCore.App\2.2.3\System.Net.Http.dll</ModulePath>
      <ModuleTime>2019-02-14T10:10:46Z</ModuleTime>
      <ModuleName>System.Net.Http</ModuleName>
      <Classes />
    </Module>
    <Module skippedDueTo="Filter" hash="5F-38-76-2A-98-4C-37-19-8D-48-F9-D1-FC-64-36-8F-E5-62-4D-98">
      <ModulePath>C:\Program Files\dotnet\shared\Microsoft.NETCore.App\2.2.3\System.Net.Primitives.dll</ModulePath>
      <ModuleTime>2019-02-14T10:10:48Z</ModuleTime>
      <ModuleName>System.Net.Primitives</ModuleName>
      <Classes />
    </Module>
    <Module skippedDueTo="Filter" hash="70-92-77-80-74-EA-87-7D-6D-6F-F3-E9-A6-1C-2F-FA-0E-5A-18-55">
      <ModulePath>C:\Program Files\dotnet\shared\Microsoft.NETCore.App\2.2.3\System.Net.Security.dll</ModulePath>
      <ModuleTime>2019-02-14T10:10:48Z</ModuleTime>
      <ModuleName>System.Net.Security</ModuleName>
      <Classes />
    </Module>
    <Module skippedDueTo="Filter" hash="68-89-36-03-E8-60-BF-5B-D5-F1-E2-AE-57-13-80-7D-29-56-CE-6B">
      <ModulePath>C:\Program Files\dotnet\shared\Microsoft.NETCore.App\2.2.3\System.Security.Cryptography.X509Certificates.dll</ModulePath>
      <ModuleTime>2019-02-14T10:10:48Z</ModuleTime>
      <ModuleName>System.Security.Cryptography.X509Certificates</ModuleName>
      <Classes />
    </Module>
    <Module skippedDueTo="Filter" hash="15-EF-EC-96-FE-1B-4F-00-29-0B-01-56-97-CA-D0-C6-43-BC-03-FD">
      <ModulePath>C:\Program Files\dotnet\shared\Microsoft.NETCore.App\2.2.3\System.Diagnostics.DiagnosticSource.dll</ModulePath>
      <ModuleTime>2019-02-14T10:10:46Z</ModuleTime>
      <ModuleName>System.Diagnostics.DiagnosticSource</ModuleName>
      <Classes />
    </Module>
    <Module skippedDueTo="Filter" hash="35-DB-0D-39-09-0A-14-96-EF-3F-E8-DA-71-68-97-05-73-66-C9-67">
      <ModulePath>C:\Program Files\dotnet\shared\Microsoft.NETCore.App\2.2.3\Microsoft.Win32.Primitives.dll</ModulePath>
      <ModuleTime>2019-02-14T10:10:46Z</ModuleTime>
      <ModuleName>Microsoft.Win32.Primitives</ModuleName>
      <Classes />
    </Module>
    <Module skippedDueTo="Filter" hash="C6-95-6B-0B-06-B7-D0-34-95-B2-08-6D-4D-2E-80-55-CA-4D-19-2D">
      <ModulePath>C:\Program Files\dotnet\shared\Microsoft.NETCore.App\2.2.3\System.Collections.NonGeneric.dll</ModulePath>
      <ModuleTime>2019-02-14T10:10:46Z</ModuleTime>
      <ModuleName>System.Collections.NonGeneric</ModuleName>
      <Classes />
    </Module>
    <Module skippedDueTo="Filter" hash="9A-EF-3C-12-F4-6F-FC-6F-87-C2-7E-75-A6-1E-39-9A-ED-B7-76-CA">
      <ModulePath>C:\Program Files\dotnet\shared\Microsoft.NETCore.App\2.2.3\System.Threading.Timer.dll</ModulePath>
      <ModuleTime>2019-02-14T10:10:48Z</ModuleTime>
      <ModuleName>System.Threading.Timer</ModuleName>
      <Classes />
    </Module>
    <Module skippedDueTo="Filter" hash="2E-E2-DF-F2-8A-DC-8D-3F-B6-C3-78-E1-0D-60-0E-27-0C-F0-FE-4D">
      <ModulePath>C:\Program Files\dotnet\shared\Microsoft.NETCore.App\2.2.3\System.Net.NetworkInformation.dll</ModulePath>
      <ModuleTime>2019-02-14T10:10:48Z</ModuleTime>
      <ModuleName>System.Net.NetworkInformation</ModuleName>
      <Classes />
    </Module>
    <Module skippedDueTo="Filter" hash="98-58-91-3F-22-FC-3F-84-45-4B-84-FE-DE-C2-8E-1F-70-0D-67-89">
      <ModulePath>C:\Program Files\dotnet\sdk\2.2.202\Microsoft.Build.Framework.dll</ModulePath>
      <ModuleTime>2019-03-13T04:25:48Z</ModuleTime>
      <ModuleName>Microsoft.Build.Framework</ModuleName>
      <Classes />
    </Module>
    <Module skippedDueTo="Filter" hash="AA-C3-76-83-C9-11-D8-3F-AD-BC-F4-38-65-2C-BE-BC-34-74-5E-4D">
      <ModulePath>C:\Program Files\dotnet\shared\Microsoft.NETCore.App\2.2.3\System.ComponentModel.Primitives.dll</ModulePath>
      <ModuleTime>2019-02-14T10:10:46Z</ModuleTime>
      <ModuleName>System.ComponentModel.Primitives</ModuleName>
      <Classes />
    </Module>
    <Module skippedDueTo="Filter" hash="C4-AC-D5-85-5D-F4-C8-B5-79-2D-DF-1B-B8-FD-9D-7B-9C-93-65-57">
      <ModulePath>C:\Program Files\dotnet\shared\Microsoft.NETCore.App\2.2.3\System.Net.Sockets.dll</ModulePath>
      <ModuleTime>2019-02-14T10:10:48Z</ModuleTime>
      <ModuleName>System.Net.Sockets</ModuleName>
      <Classes />
    </Module>
    <Module skippedDueTo="Filter" hash="A5-38-31-6D-8A-46-36-31-BD-45-08-66-AA-51-00-A8-AA-C6-4F-6D">
      <ModulePath>C:\Program Files\dotnet\shared\Microsoft.NETCore.App\2.2.3\System.Threading.Overlapped.dll</ModulePath>
      <ModuleTime>2019-02-14T10:10:48Z</ModuleTime>
      <ModuleName>System.Threading.Overlapped</ModuleName>
      <Classes />
    </Module>
    <Module skippedDueTo="Filter" hash="60-FA-5C-FB-54-B7-81-92-5B-B1-E3-E3-4D-73-5D-B5-3B-45-99-35">
      <ModulePath>C:\Program Files\dotnet\shared\Microsoft.NETCore.App\2.2.3\System.Net.NameResolution.dll</ModulePath>
      <ModuleTime>2019-02-14T10:10:48Z</ModuleTime>
      <ModuleName>System.Net.NameResolution</ModuleName>
      <Classes />
    </Module>
    <Module skippedDueTo="Filter" hash="68-E0-FC-69-6D-5C-D2-B5-DF-C5-A2-E0-33-7A-47-BC-1E-B5-D7-7F">
      <ModulePath>C:\Program Files\dotnet\shared\Microsoft.NETCore.App\2.2.3\System.Security.Principal.Windows.dll</ModulePath>
      <ModuleTime>2019-02-14T10:10:48Z</ModuleTime>
      <ModuleName>System.Security.Principal.Windows</ModuleName>
      <Classes />
    </Module>
    <Module skippedDueTo="Filter" hash="4B-2E-D9-91-94-32-31-EF-27-40-2D-36-5F-C0-1F-16-83-BE-69-C6">
      <ModulePath>C:\Program Files\dotnet\shared\Microsoft.NETCore.App\2.2.3\System.Security.Claims.dll</ModulePath>
      <ModuleTime>2019-02-14T10:10:48Z</ModuleTime>
      <ModuleName>System.Security.Claims</ModuleName>
      <Classes />
    </Module>
    <Module skippedDueTo="Filter" hash="DD-A2-5D-1D-27-1D-01-7F-4D-49-AD-4F-5A-FE-82-3B-8B-24-A5-F2">
      <ModulePath>C:\Program Files\dotnet\shared\Microsoft.NETCore.App\2.2.3\System.Security.Principal.dll</ModulePath>
      <ModuleTime>2019-02-14T10:10:48Z</ModuleTime>
      <ModuleName>System.Security.Principal</ModuleName>
      <Classes />
    </Module>
    <Module skippedDueTo="Filter" hash="BA-D7-93-09-B9-18-E0-DB-93-51-6E-19-A4-E9-AC-59-63-36-CF-A3">
      <ModulePath>C:\Program Files\dotnet\shared\Microsoft.NETCore.App\2.2.3\System.Security.Cryptography.Encoding.dll</ModulePath>
      <ModuleTime>2019-02-14T10:10:48Z</ModuleTime>
      <ModuleName>System.Security.Cryptography.Encoding</ModuleName>
      <Classes />
    </Module>
    <Module skippedDueTo="Filter" hash="C8-90-92-10-57-8D-FD-75-6B-14-44-95-70-D2-A7-A2-2C-FE-67-22">
      <ModulePath>C:\Program Files\dotnet\shared\Microsoft.NETCore.App\2.2.3\System.Private.CoreLib.dll</ModulePath>
      <ModuleTime>2019-02-14T10:10:48Z</ModuleTime>
      <ModuleName>System.Private.CoreLib</ModuleName>
      <Classes />
    </Module>
    <Module skippedDueTo="Filter" hash="56-E9-C1-D4-E0-A6-C2-4B-49-42-E7-C0-6A-EE-52-8D-79-D8-F8-E8">
      <ModulePath>C:\Program Files\dotnet\shared\Microsoft.NETCore.App\2.2.3\System.Threading.ThreadPool.dll</ModulePath>
      <ModuleTime>2019-02-14T10:10:48Z</ModuleTime>
      <ModuleName>System.Threading.ThreadPool</ModuleName>
      <Classes />
    </Module>
    <Module skippedDueTo="Filter" hash="3E-92-78-B0-05-2B-16-74-38-16-6A-CF-C2-2F-EC-6D-FC-61-55-35">
      <ModulePath>C:\Program Files\dotnet\sdk\2.2.202\MSBuild.dll</ModulePath>
      <ModuleTime>2019-03-13T04:29:18Z</ModuleTime>
      <ModuleName>MSBuild</ModuleName>
      <Classes />
    </Module>
    <Module skippedDueTo="Filter" hash="AB-18-BA-B2-75-F1-BD-B4-A8-81-F4-46-A2-98-6A-E2-0D-45-B0-C4">
      <ModulePath>C:\Program Files\dotnet\shared\Microsoft.NETCore.App\2.2.3\System.Runtime.dll</ModulePath>
      <ModuleTime>2019-02-14T10:10:48Z</ModuleTime>
      <ModuleName>System.Runtime</ModuleName>
      <Classes />
    </Module>
    <Module skippedDueTo="Filter" hash="C0-88-F2-D2-EE-29-3C-46-95-1B-53-A3-63-1E-35-34-86-A0-F1-C4">
      <ModulePath>C:\Program Files\dotnet\shared\Microsoft.NETCore.App\2.2.3\System.Runtime.Extensions.dll</ModulePath>
      <ModuleTime>2019-02-14T10:10:48Z</ModuleTime>
      <ModuleName>System.Runtime.Extensions</ModuleName>
      <Classes />
    </Module>
    <Module skippedDueTo="Filter" hash="72-3A-FC-B3-39-C2-A0-53-23-0C-C9-04-B4-18-C4-B9-B9-89-39-CE">
      <ModulePath>C:\Program Files\dotnet\shared\Microsoft.NETCore.App\2.2.3\System.Threading.dll</ModulePath>
      <ModuleTime>2019-02-14T10:10:48Z</ModuleTime>
      <ModuleName>System.Threading</ModuleName>
      <Classes />
    </Module>
    <Module skippedDueTo="Filter" hash="2A-29-78-7B-F3-F4-A0-90-F3-B6-3A-2B-3B-96-03-63-5F-76-9C-4C">
      <ModulePath>C:\Program Files\dotnet\shared\Microsoft.NETCore.App\2.2.3\System.Threading.Tasks.dll</ModulePath>
      <ModuleTime>2019-02-14T10:10:48Z</ModuleTime>
      <ModuleName>System.Threading.Tasks</ModuleName>
      <Classes />
    </Module>
    <Module skippedDueTo="Filter" hash="F4-40-20-01-00-58-33-39-16-78-E7-0B-4A-5A-DB-66-30-A0-1F-EC">
      <ModulePath>C:\Program Files\dotnet\shared\Microsoft.NETCore.App\2.2.3\System.Runtime.InteropServices.RuntimeInformation.dll</ModulePath>
      <ModuleTime>2019-02-14T10:10:48Z</ModuleTime>
      <ModuleName>System.Runtime.InteropServices.RuntimeInformation</ModuleName>
      <Classes />
    </Module>
    <Module skippedDueTo="Filter" hash="91-A0-61-8C-2D-31-61-2B-51-76-2E-59-A7-C4-65-A8-46-5F-20-A2">
      <ModulePath>C:\Program Files\dotnet\shared\Microsoft.NETCore.App\2.2.3\System.Linq.dll</ModulePath>
      <ModuleTime>2019-02-14T10:10:46Z</ModuleTime>
      <ModuleName>System.Linq</ModuleName>
      <Classes />
    </Module>
    <Module skippedDueTo="Filter" hash="54-07-77-70-F0-0F-C2-25-EE-43-90-E9-73-92-EB-97-28-83-40-8B">
      <ModulePath>C:\Program Files\dotnet\shared\Microsoft.NETCore.App\2.2.3\System.Text.RegularExpressions.dll</ModulePath>
      <ModuleTime>2019-02-14T10:10:48Z</ModuleTime>
      <ModuleName>System.Text.RegularExpressions</ModuleName>
      <Classes />
    </Module>
    <Module skippedDueTo="Filter" hash="65-6E-94-FB-55-E8-47-27-27-46-77-45-6E-89-E3-C2-7A-C4-B6-FC">
      <ModulePath>C:\Program Files\dotnet\shared\Microsoft.NETCore.App\2.2.3\System.Collections.dll</ModulePath>
      <ModuleTime>2019-02-14T10:10:46Z</ModuleTime>
      <ModuleName>System.Collections</ModuleName>
      <Classes />
    </Module>
    <Module skippedDueTo="Filter" hash="DA-D1-B7-D1-A2-14-5A-79-46-9C-34-EA-9C-9D-E6-0B-36-8D-02-DC">
      <ModulePath>C:\Program Files\dotnet\shared\Microsoft.NETCore.App\2.2.3\System.Buffers.dll</ModulePath>
      <ModuleTime>2019-02-14T10:10:46Z</ModuleTime>
      <ModuleName>System.Buffers</ModuleName>
      <Classes />
    </Module>
    <Module skippedDueTo="Filter" hash="D8-4F-F8-11-12-5E-45-AC-18-C4-2B-DF-B1-5B-A8-11-8E-C8-A3-75">
      <ModulePath>C:\Program Files\dotnet\shared\Microsoft.NETCore.App\2.2.3\System.IO.FileSystem.dll</ModulePath>
      <ModuleTime>2019-02-14T10:10:46Z</ModuleTime>
      <ModuleName>System.IO.FileSystem</ModuleName>
      <Classes />
    </Module>
    <Module skippedDueTo="Filter" hash="65-C6-85-9D-1B-D7-2E-24-22-C5-CA-68-64-69-0C-B8-DA-D7-69-65">
      <ModulePath>C:\Program Files\dotnet\shared\Microsoft.NETCore.App\2.2.3\System.Memory.dll</ModulePath>
      <ModuleTime>2019-02-14T10:10:46Z</ModuleTime>
      <ModuleName>System.Memory</ModuleName>
      <Classes />
    </Module>
    <Module skippedDueTo="Filter" hash="29-9D-77-1D-75-7E-63-F5-D3-9A-FC-EB-05-B8-A5-A0-08-19-BF-23">
      <ModulePath>C:\Program Files\dotnet\shared\Microsoft.NETCore.App\2.2.3\System.Runtime.InteropServices.dll</ModulePath>
      <ModuleTime>2019-02-14T10:10:48Z</ModuleTime>
      <ModuleName>System.Runtime.InteropServices</ModuleName>
      <Classes />
    </Module>
    <Module skippedDueTo="Filter" hash="46-88-E1-5B-05-A0-34-A4-39-6B-24-02-8D-AA-97-2A-AC-BD-CD-2D">
      <ModulePath>C:\Program Files\dotnet\shared\Microsoft.NETCore.App\2.2.3\System.Console.dll</ModulePath>
      <ModuleTime>2019-02-14T10:10:46Z</ModuleTime>
      <ModuleName>System.Console</ModuleName>
      <Classes />
    </Module>
    <Module skippedDueTo="Filter" hash="7D-55-61-F1-3C-1F-1F-C0-B5-76-87-B4-89-B3-D5-EA-DB-E9-D0-AE">
      <ModulePath>C:\Program Files\dotnet\shared\Microsoft.NETCore.App\2.2.3\System.Diagnostics.Process.dll</ModulePath>
      <ModuleTime>2019-02-14T10:10:46Z</ModuleTime>
      <ModuleName>System.Diagnostics.Process</ModuleName>
      <Classes />
    </Module>
    <Module skippedDueTo="Filter" hash="AA-C3-76-83-C9-11-D8-3F-AD-BC-F4-38-65-2C-BE-BC-34-74-5E-4D">
      <ModulePath>C:\Program Files\dotnet\shared\Microsoft.NETCore.App\2.2.3\System.ComponentModel.Primitives.dll</ModulePath>
      <ModuleTime>2019-02-14T10:10:46Z</ModuleTime>
      <ModuleName>System.ComponentModel.Primitives</ModuleName>
      <Classes />
    </Module>
    <Module skippedDueTo="Filter" hash="98-58-91-3F-22-FC-3F-84-45-4B-84-FE-DE-C2-8E-1F-70-0D-67-89">
      <ModulePath>C:\Program Files\dotnet\sdk\2.2.202\Microsoft.Build.Framework.dll</ModulePath>
      <ModuleTime>2019-03-13T04:25:48Z</ModuleTime>
      <ModuleName>Microsoft.Build.Framework</ModuleName>
      <Classes />
    </Module>
    <Module skippedDueTo="Filter" hash="8D-8F-EC-99-A8-8C-27-3C-0E-D4-6E-BE-E9-03-BC-E4-FF-9E-B6-31">
      <ModulePath>C:\Program Files\dotnet\shared\Microsoft.NETCore.App\2.2.3\netstandard.dll</ModulePath>
      <ModuleTime>2019-02-14T10:10:48Z</ModuleTime>
      <ModuleName>netstandard</ModuleName>
      <Classes />
    </Module>
    <Module skippedDueTo="Filter" hash="54-BB-40-27-78-59-2E-47-65-ED-BE-1D-6E-E8-CC-91-5E-C1-37-69">
      <ModulePath>C:\Program Files\dotnet\sdk\2.2.202\Microsoft.Build.dll</ModulePath>
      <ModuleTime>2019-03-13T04:25:52Z</ModuleTime>
      <ModuleName>Microsoft.Build</ModuleName>
      <Classes />
    </Module>
    <Module skippedDueTo="Filter" hash="13-C1-B8-F4-61-F9-69-68-E6-F1-AF-F7-B4-5A-78-6A-1B-0B-97-B9">
      <ModulePath>C:\Program Files\dotnet\sdk\2.2.202\runtimes\win\lib\netcoreapp2.0\System.Text.Encoding.CodePages.dll</ModulePath>
      <ModuleTime>2019-03-13T04:22:14Z</ModuleTime>
      <ModuleName>System.Text.Encoding.CodePages</ModuleName>
      <Classes />
    </Module>
    <Module skippedDueTo="Filter" hash="69-04-81-73-71-8E-9A-F6-72-3C-15-A5-1A-25-6E-A6-D8-9D-33-5E">
      <ModulePath>C:\Program Files\dotnet\shared\Microsoft.NETCore.App\2.2.3\System.Collections.Concurrent.dll</ModulePath>
      <ModuleTime>2019-02-14T10:10:46Z</ModuleTime>
      <ModuleName>System.Collections.Concurrent</ModuleName>
      <Classes />
    </Module>
    <Module skippedDueTo="Filter" hash="C9-3E-13-23-38-37-98-E9-1C-53-0F-78-EA-07-9E-23-BF-6E-A9-22">
      <ModulePath>C:\Program Files\dotnet\sdk\2.2.202\dotnet.dll</ModulePath>
      <ModuleTime>2019-03-13T04:22:06Z</ModuleTime>
      <ModuleName>dotnet</ModuleName>
      <Classes />
    </Module>
    <Module skippedDueTo="Filter" hash="3C-D9-FF-D1-39-66-80-21-E8-45-80-9D-0E-F3-58-C4-AD-FD-77-D2">
      <ModulePath>C:\Program Files\dotnet\sdk\2.2.202\Microsoft.DotNet.Tools.MigrateCommand.dll</ModulePath>
      <ModuleTime>2019-03-13T04:25:52Z</ModuleTime>
      <ModuleName>Microsoft.DotNet.Tools.MigrateCommand</ModuleName>
      <Classes />
    </Module>
    <Module skippedDueTo="Filter" hash="C4-59-BA-16-B6-83-5A-F8-DC-33-D3-C5-4F-67-96-1C-AE-79-E3-1F">
      <ModulePath>C:\Program Files\dotnet\sdk\2.2.202\Microsoft.DotNet.Configurer.dll</ModulePath>
      <ModuleTime>2019-03-13T04:25:46Z</ModuleTime>
      <ModuleName>Microsoft.DotNet.Configurer</ModuleName>
      <Classes />
    </Module>
    <Module skippedDueTo="Filter" hash="46-45-F2-CF-52-42-58-E3-40-8A-FF-F3-9C-0D-19-4D-63-9B-D3-C8">
      <ModulePath>C:\Program Files\dotnet\sdk\2.2.202\Microsoft.DotNet.Cli.Utils.dll</ModulePath>
      <ModuleTime>2019-03-13T04:25:56Z</ModuleTime>
      <ModuleName>Microsoft.DotNet.Cli.Utils</ModuleName>
      <Classes />
    </Module>
    <Module skippedDueTo="Filter" hash="45-1E-D4-6C-CB-F0-CE-FA-E2-40-89-9B-20-27-AD-8C-79-74-20-77">
      <ModulePath>C:\Program Files\dotnet\sdk\2.2.202\NuGet.Frameworks.dll</ModulePath>
      <ModuleTime>2019-03-13T04:28:12Z</ModuleTime>
      <ModuleName>NuGet.Frameworks</ModuleName>
      <Classes />
    </Module>
    <Module skippedDueTo="Filter" hash="54-12-66-D3-76-4D-C5-4A-1F-C7-26-9F-57-E3-9A-03-18-B1-C2-2B">
      <ModulePath>C:\Program Files\dotnet\sdk\2.2.202\Microsoft.DotNet.InternalAbstractions.dll</ModulePath>
      <ModuleTime>2019-03-13T04:25:46Z</ModuleTime>
      <ModuleName>Microsoft.DotNet.InternalAbstractions</ModuleName>
      <Classes />
    </Module>
    <Module skippedDueTo="Filter" hash="6F-2E-9A-54-0A-F8-CE-7D-A7-D5-05-10-17-70-0D-03-CD-B7-93-F6">
      <ModulePath>C:\Program Files\dotnet\shared\Microsoft.NETCore.App\2.2.3\System.IO.FileSystem.Primitives.dll</ModulePath>
      <ModuleTime>2019-02-14T10:10:46Z</ModuleTime>
      <ModuleName>System.IO.FileSystem.Primitives</ModuleName>
      <Classes />
    </Module>
    <Module skippedDueTo="Filter" hash="A0-1B-B5-D1-21-40-34-B8-E7-35-C6-08-EB-B5-72-06-75-49-10-03">
      <ModulePath>C:\Program Files\dotnet\shared\Microsoft.NETCore.App\2.2.3\System.Text.Encoding.Extensions.dll</ModulePath>
      <ModuleTime>2019-02-14T10:10:48Z</ModuleTime>
      <ModuleName>System.Text.Encoding.Extensions</ModuleName>
      <Classes />
    </Module>
    <Module skippedDueTo="Filter" hash="A8-D3-54-27-26-89-8F-B8-6A-97-81-0C-29-1E-EE-A3-97-8A-25-81">
      <ModulePath>C:\Program Files\dotnet\sdk\2.2.202\Microsoft.ApplicationInsights.dll</ModulePath>
      <ModuleTime>2019-03-13T04:25:56Z</ModuleTime>
      <ModuleName>Microsoft.ApplicationInsights</ModuleName>
      <Classes />
    </Module>
    <Module skippedDueTo="Filter" hash="69-96-84-E4-A2-D6-BE-BE-F5-32-77-8D-9E-28-99-34-AF-8C-65-BA">
      <ModulePath>C:\Program Files\dotnet\sdk\2.2.202\Microsoft.DotNet.PlatformAbstractions.dll</ModulePath>
      <ModuleTime>2019-03-13T04:25:48Z</ModuleTime>
      <ModuleName>Microsoft.DotNet.PlatformAbstractions</ModuleName>
      <Classes />
    </Module>
    <Module skippedDueTo="Filter" hash="7D-47-7D-37-3A-09-71-AE-77-95-D5-5D-E0-F2-3A-8C-0F-88-35-1D">
      <ModulePath>C:\Program Files\dotnet\shared\Microsoft.NETCore.App\2.2.3\System.Reflection.Extensions.dll</ModulePath>
      <ModuleTime>2019-02-14T10:10:48Z</ModuleTime>
      <ModuleName>System.Reflection.Extensions</ModuleName>
      <Classes />
    </Module>
    <Module skippedDueTo="Filter" hash="B8-E7-F1-86-D3-F9-46-F3-6F-5D-60-D3-F1-24-8F-7A-B0-68-DC-BF">
      <ModulePath>C:\Program Files\dotnet\shared\Microsoft.NETCore.App\2.2.3\System.Reflection.dll</ModulePath>
      <ModuleTime>2019-02-14T10:10:48Z</ModuleTime>
      <ModuleName>System.Reflection</ModuleName>
      <Classes />
    </Module>
    <Module skippedDueTo="Filter" hash="C9-D3-CB-D6-44-A8-28-7A-02-20-37-D9-B7-6F-AA-B5-B2-AA-56-FD">
      <ModulePath>C:\Program Files\dotnet\shared\Microsoft.NETCore.App\2.2.3\System.Xml.XDocument.dll</ModulePath>
      <ModuleTime>2019-02-14T10:10:48Z</ModuleTime>
      <ModuleName>System.Xml.XDocument</ModuleName>
      <Classes />
    </Module>
    <Module skippedDueTo="Filter" hash="43-09-76-E0-0F-5F-FA-2B-D7-51-F2-7D-29-FF-5A-E7-DC-58-E6-5B">
      <ModulePath>C:\Program Files\dotnet\shared\Microsoft.NETCore.App\2.2.3\System.Private.Xml.Linq.dll</ModulePath>
      <ModuleTime>2019-02-14T10:10:48Z</ModuleTime>
      <ModuleName>System.Private.Xml.Linq</ModuleName>
      <Classes />
    </Module>
    <Module skippedDueTo="Filter" hash="93-69-84-23-FC-72-63-4A-6B-A6-1C-BC-1D-24-5D-99-46-21-BA-C8">
      <ModulePath>C:\Program Files\dotnet\shared\Microsoft.NETCore.App\2.2.3\System.Private.Xml.dll</ModulePath>
      <ModuleTime>2019-02-14T10:10:48Z</ModuleTime>
      <ModuleName>System.Private.Xml</ModuleName>
      <Classes />
    </Module>
    <Module skippedDueTo="Filter" hash="C6-18-C3-63-C4-02-71-9D-8B-DF-36-92-A5-45-FB-29-3D-CF-90-0C">
      <ModulePath>C:\Program Files\dotnet\shared\Microsoft.NETCore.App\2.2.3\System.Xml.ReaderWriter.dll</ModulePath>
      <ModuleTime>2019-02-14T10:10:48Z</ModuleTime>
      <ModuleName>System.Xml.ReaderWriter</ModuleName>
      <Classes />
    </Module>
    <Module skippedDueTo="Filter" hash="25-10-2D-E6-FB-13-3E-8A-CC-6F-82-A1-CB-58-0D-E7-59-92-BA-3F">
      <ModulePath>C:\Program Files\dotnet\shared\Microsoft.NETCore.App\2.2.3\System.Diagnostics.Tracing.dll</ModulePath>
      <ModuleTime>2019-02-14T10:10:46Z</ModuleTime>
      <ModuleName>System.Diagnostics.Tracing</ModuleName>
      <Classes />
    </Module>
    <Module skippedDueTo="Filter" hash="CD-FB-45-96-0F-35-5F-C9-F7-87-F1-E9-5A-90-75-41-63-B7-4B-D3">
      <ModulePath>C:\Program Files\dotnet\shared\Microsoft.NETCore.App\2.2.3\System.Private.Uri.dll</ModulePath>
      <ModuleTime>2019-02-14T10:10:48Z</ModuleTime>
      <ModuleName>System.Private.Uri</ModuleName>
      <Classes />
    </Module>
    <Module skippedDueTo="Filter" hash="1D-EF-1D-F5-6F-1B-88-F7-16-FC-1B-AF-D9-A7-F4-F1-9F-79-3D-0B">
      <ModulePath>C:\Program Files\dotnet\shared\Microsoft.NETCore.App\2.2.3\System.Globalization.dll</ModulePath>
      <ModuleTime>2019-02-14T10:10:46Z</ModuleTime>
      <ModuleName>System.Globalization</ModuleName>
      <Classes />
    </Module>
    <Module skippedDueTo="Filter" hash="43-65-BD-A2-5D-E2-21-24-AC-40-68-87-9E-32-F6-E1-BD-68-A9-F8">
      <ModulePath>C:\Program Files\dotnet\shared\Microsoft.NETCore.App\2.2.3\System.Threading.Tasks.Dataflow.dll</ModulePath>
      <ModuleTime>2019-02-14T10:10:48Z</ModuleTime>
      <ModuleName>System.Threading.Tasks.Dataflow</ModuleName>
      <Classes />
    </Module>
    <Module skippedDueTo="Filter" hash="EB-95-8D-0C-A9-81-F8-5C-64-86-6D-4B-D3-D0-2C-A7-D5-E7-E7-AB">
      <ModulePath>C:\Program Files\dotnet\shared\Microsoft.NETCore.App\2.2.3\System.Security.Cryptography.Algorithms.dll</ModulePath>
      <ModuleTime>2019-02-14T10:10:48Z</ModuleTime>
      <ModuleName>System.Security.Cryptography.Algorithms</ModuleName>
      <Classes />
    </Module>
    <Module skippedDueTo="Filter" hash="68-5A-24-75-F5-57-31-8E-1B-2E-55-A0-0D-8E-3F-B1-26-E0-87-A9">
      <ModulePath>C:\Program Files\dotnet\shared\Microsoft.NETCore.App\2.2.3\System.Security.Cryptography.Primitives.dll</ModulePath>
      <ModuleTime>2019-02-14T10:10:48Z</ModuleTime>
      <ModuleName>System.Security.Cryptography.Primitives</ModuleName>
      <Classes />
    </Module>
    <Module skippedDueTo="Filter" hash="AF-8B-97-B7-B7-18-29-D1-6E-B5-E3-D3-91-57-1C-6A-44-55-55-03">
      <ModulePath>C:\Program Files\dotnet\shared\Microsoft.NETCore.App\2.2.3\Microsoft.Win32.Registry.dll</ModulePath>
      <ModuleTime>2019-02-14T10:10:46Z</ModuleTime>
      <ModuleName>Microsoft.Win32.Registry</ModuleName>
      <Classes />
    </Module>
    <Module skippedDueTo="Filter" hash="55-0E-F3-13-8E-31-94-53-26-69-B0-FB-67-19-CF-65-49-B2-FC-1E">
      <ModulePath>C:\Program Files\dotnet\shared\Microsoft.NETCore.App\2.2.3\System.Resources.ResourceManager.dll</ModulePath>
      <ModuleTime>2019-02-14T10:10:48Z</ModuleTime>
      <ModuleName>System.Resources.ResourceManager</ModuleName>
      <Classes />
    </Module>
    <Module skippedDueTo="Filter" hash="4E-46-68-23-D1-CB-21-EF-F4-C1-80-85-1A-C9-00-37-65-ED-A5-89">
      <ModulePath>C:\Program Files\dotnet\shared\Microsoft.NETCore.App\2.2.3\System.ObjectModel.dll</ModulePath>
      <ModuleTime>2019-02-14T10:10:48Z</ModuleTime>
      <ModuleName>System.ObjectModel</ModuleName>
      <Classes />
    </Module>
    <Module skippedDueTo="Filter" hash="CA-CC-55-64-63-DB-CC-41-9E-8B-CD-7F-91-C7-4D-4D-E2-83-97-FA">
      <ModulePath>C:\Program Files\dotnet\shared\Microsoft.NETCore.App\2.2.3\System.Threading.Thread.dll</ModulePath>
      <ModuleTime>2019-02-14T10:10:48Z</ModuleTime>
      <ModuleName>System.Threading.Thread</ModuleName>
      <Classes />
    </Module>
    <Module skippedDueTo="Filter" hash="18-FB-C1-26-09-E6-80-C4-CD-C4-27-44-2A-2F-52-34-98-63-84-CE">
      <ModulePath>C:\Program Files\dotnet\shared\Microsoft.NETCore.App\2.2.3\System.Reflection.Emit.ILGeneration.dll</ModulePath>
      <ModuleTime>2019-02-14T10:10:48Z</ModuleTime>
      <ModuleName>System.Reflection.Emit.ILGeneration</ModuleName>
      <Classes />
    </Module>
    <Module skippedDueTo="Filter" hash="EA-00-20-45-44-F3-53-CE-6A-5D-36-3D-A4-AB-1F-62-58-87-F5-6E">
      <ModulePath>C:\Program Files\dotnet\shared\Microsoft.NETCore.App\2.2.3\System.Reflection.Emit.Lightweight.dll</ModulePath>
      <ModuleTime>2019-02-14T10:10:48Z</ModuleTime>
      <ModuleName>System.Reflection.Emit.Lightweight</ModuleName>
      <Classes />
    </Module>
    <Module skippedDueTo="Filter" hash="2B-E4-55-8C-04-8F-45-BA-24-3D-04-C5-31-7A-D9-48-4D-7A-D2-97">
      <ModulePath>C:\Program Files\dotnet\shared\Microsoft.NETCore.App\2.2.3\System.Reflection.Primitives.dll</ModulePath>
      <ModuleTime>2019-02-14T10:10:48Z</ModuleTime>
      <ModuleName>System.Reflection.Primitives</ModuleName>
      <Classes />
    </Module>
    <Module skippedDueTo="Filter" hash="69-EF-68-44-E5-DC-EC-AF-D2-C5-A7-A7-29-0C-CD-3A-62-4D-2C-EC">
      <ModulePath>C:\Program Files\dotnet\shared\Microsoft.NETCore.App\2.2.3\System.Diagnostics.TraceSource.dll</ModulePath>
      <ModuleTime>2019-02-14T10:10:46Z</ModuleTime>
      <ModuleName>System.Diagnostics.TraceSource</ModuleName>
      <Classes />
    </Module>
    <Module skippedDueTo="Filter" hash="71-12-74-06-B3-8D-D2-6B-0F-87-78-42-53-C8-7B-F4-47-A7-EB-DB">
      <ModulePath>C:\Program Files\dotnet\shared\Microsoft.NETCore.App\2.2.3\System.Collections.Immutable.dll</ModulePath>
      <ModuleTime>2019-02-14T10:10:46Z</ModuleTime>
      <ModuleName>System.Collections.Immutable</ModuleName>
      <Classes />
    </Module>
    <Module skippedDueTo="Filter" hash="F9-37-76-B1-A1-E3-D4-8A-74-F1-25-AF-9F-A2-5E-7C-10-F5-94-C2">
      <ModulePath>C:\Program Files\dotnet\shared\Microsoft.NETCore.App\2.2.3\System.Threading.Tasks.Parallel.dll</ModulePath>
      <ModuleTime>2019-02-14T10:10:48Z</ModuleTime>
      <ModuleName>System.Threading.Tasks.Parallel</ModuleName>
      <Classes />
    </Module>
    <Module skippedDueTo="Filter" hash="0E-85-9A-7F-90-33-F8-DF-C4-1C-B7-BC-36-8F-EF-A1-5F-3D-5B-E0">
      <ModulePath>C:\Program Files\dotnet\sdk\2.2.202\Microsoft.Build.Tasks.Core.dll</ModulePath>
      <ModuleTime>2019-03-13T04:25:48Z</ModuleTime>
      <ModuleName>Microsoft.Build.Tasks.Core</ModuleName>
      <Classes />
    </Module>
    <Module skippedDueTo="Filter" hash="11-4F-83-D7-09-86-89-7F-B1-C1-6F-B5-1F-F1-19-93-DB-01-69-43">
      <ModulePath>C:\Program Files\dotnet\sdk\2.2.202\Microsoft.Build.Utilities.Core.dll</ModulePath>
      <ModuleTime>2019-03-13T04:25:50Z</ModuleTime>
      <ModuleName>Microsoft.Build.Utilities.Core</ModuleName>
      <Classes />
    </Module>
    <Module skippedDueTo="Filter" hash="B7-5A-AA-87-72-36-53-C7-8F-E5-77-7A-12-B0-1A-6F-3C-7B-09-98">
      <ModulePath>C:\Program Files\dotnet\sdk\2.2.202\NuGet.Build.Tasks.dll</ModulePath>
      <ModuleTime>2019-03-13T04:28:14Z</ModuleTime>
      <ModuleName>NuGet.Build.Tasks</ModuleName>
      <Classes />
    </Module>
    <Module skippedDueTo="Filter" hash="CB-98-66-1F-5E-B5-28-A8-84-4E-25-40-34-2F-72-5C-02-53-DC-62">
      <ModulePath>C:\Program Files\dotnet\sdk\2.2.202\NuGet.Commands.dll</ModulePath>
      <ModuleTime>2019-03-13T04:28:08Z</ModuleTime>
      <ModuleName>NuGet.Commands</ModuleName>
      <Classes />
    </Module>
    <Module skippedDueTo="Filter" hash="43-86-69-DC-AC-D9-91-54-AB-28-11-A4-05-99-7C-1C-55-68-7E-04">
      <ModulePath>C:\Program Files\dotnet\sdk\2.2.202\NuGet.Common.dll</ModulePath>
      <ModuleTime>2019-03-13T04:28:40Z</ModuleTime>
      <ModuleName>NuGet.Common</ModuleName>
      <Classes />
    </Module>
    <Module skippedDueTo="Filter" hash="C6-95-6B-0B-06-B7-D0-34-95-B2-08-6D-4D-2E-80-55-CA-4D-19-2D">
      <ModulePath>C:\Program Files\dotnet\shared\Microsoft.NETCore.App\2.2.3\System.Collections.NonGeneric.dll</ModulePath>
      <ModuleTime>2019-02-14T10:10:46Z</ModuleTime>
      <ModuleName>System.Collections.NonGeneric</ModuleName>
      <Classes />
    </Module>
    <Module skippedDueTo="Filter" hash="35-DB-0D-39-09-0A-14-96-EF-3F-E8-DA-71-68-97-05-73-66-C9-67">
      <ModulePath>C:\Program Files\dotnet\shared\Microsoft.NETCore.App\2.2.3\Microsoft.Win32.Primitives.dll</ModulePath>
      <ModuleTime>2019-02-14T10:10:46Z</ModuleTime>
      <ModuleName>Microsoft.Win32.Primitives</ModuleName>
      <Classes />
    </Module>
    <Module skippedDueTo="Filter" hash="56-E9-C1-D4-E0-A6-C2-4B-49-42-E7-C0-6A-EE-52-8D-79-D8-F8-E8">
      <ModulePath>C:\Program Files\dotnet\shared\Microsoft.NETCore.App\2.2.3\System.Threading.ThreadPool.dll</ModulePath>
      <ModuleTime>2019-02-14T10:10:48Z</ModuleTime>
      <ModuleName>System.Threading.ThreadPool</ModuleName>
      <Classes />
    </Module>
    <Module skippedDueTo="Filter" hash="79-77-57-9B-26-09-30-CD-C6-74-AC-23-7D-0F-76-AF-8F-5F-D1-45">
      <ModulePath>C:\Program Files\dotnet\shared\Microsoft.NETCore.App\2.2.3\System.ComponentModel.dll</ModulePath>
      <ModuleTime>2019-02-14T10:10:46Z</ModuleTime>
      <ModuleName>System.ComponentModel</ModuleName>
      <Classes />
    </Module>
    <Module skippedDueTo="Filter" hash="99-9E-7A-C5-7A-CB-49-C4-27-CD-A5-6A-D5-DF-2C-8F-89-DF-E4-AC">
      <ModulePath>C:\Program Files\dotnet\shared\Microsoft.NETCore.App\2.2.3\System.IO.Pipes.dll</ModulePath>
      <ModuleTime>2019-02-14T10:10:46Z</ModuleTime>
      <ModuleName>System.IO.Pipes</ModuleName>
      <Classes />
    </Module>
    <Module skippedDueTo="Filter" hash="DD-A2-5D-1D-27-1D-01-7F-4D-49-AD-4F-5A-FE-82-3B-8B-24-A5-F2">
      <ModulePath>C:\Program Files\dotnet\shared\Microsoft.NETCore.App\2.2.3\System.Security.Principal.dll</ModulePath>
      <ModuleTime>2019-02-14T10:10:48Z</ModuleTime>
      <ModuleName>System.Security.Principal</ModuleName>
      <Classes />
    </Module>
    <Module skippedDueTo="Filter" hash="03-A3-3E-61-66-D4-F6-1C-49-2E-3C-9B-EA-DE-55-C6-30-7D-11-25">
      <ModulePath>C:\Program Files\dotnet\shared\Microsoft.NETCore.App\2.2.3\System.Runtime.Serialization.Xml.dll</ModulePath>
      <ModuleTime>2019-02-14T10:10:48Z</ModuleTime>
      <ModuleName>System.Runtime.Serialization.Xml</ModuleName>
      <Classes />
    </Module>
    <Module skippedDueTo="Filter" hash="C5-D6-4D-32-F4-AD-3E-CD-F8-90-D2-B2-95-CA-C9-35-63-22-D6-42">
      <ModulePath>C:\Program Files\dotnet\shared\Microsoft.NETCore.App\2.2.3\System.Private.DataContractSerialization.dll</ModulePath>
      <ModuleTime>2019-02-14T10:10:48Z</ModuleTime>
      <ModuleName>System.Private.DataContractSerialization</ModuleName>
      <Classes />
    </Module>
    <Module skippedDueTo="Filter" hash="46-42-C5-34-53-68-68-68-E6-68-14-92-7D-89-3F-56-8A-35-C5-88">
      <ModulePath>C:\Program Files\dotnet\shared\Microsoft.NETCore.App\2.2.3\System.Runtime.Serialization.Primitives.dll</ModulePath>
      <ModuleTime>2019-02-14T10:10:48Z</ModuleTime>
      <ModuleName>System.Runtime.Serialization.Primitives</ModuleName>
      <Classes />
    </Module>
    <Module skippedDueTo="Filter" hash="C5-0D-03-BD-E0-B5-13-A7-90-54-0A-1C-8A-B3-07-A1-76-2E-7C-0D">
      <ModulePath>C:\Program Files\dotnet\shared\Microsoft.NETCore.App\2.2.3\System.Runtime.Serialization.Formatters.dll</ModulePath>
      <ModuleTime>2019-02-14T10:10:48Z</ModuleTime>
      <ModuleName>System.Runtime.Serialization.Formatters</ModuleName>
      <Classes />
    </Module>
    <Module skippedDueTo="Filter" hash="0A-09-2D-F8-41-F4-56-70-D9-83-02-EF-4F-3A-B7-7F-A8-7E-12-4F">
      <ModulePath>C:\Program Files\dotnet\shared\Microsoft.NETCore.App\2.2.3\System.Runtime.Loader.dll</ModulePath>
      <ModuleTime>2019-02-14T10:10:48Z</ModuleTime>
      <ModuleName>System.Runtime.Loader</ModuleName>
      <Classes />
    </Module>
    <Module skippedDueTo="Filter" hash="7C-D2-79-92-92-26-9E-BD-56-BE-79-DD-16-36-9D-12-66-D9-C8-BC">
      <ModulePath>C:\Program Files\dotnet\sdk\2.2.202\Microsoft.Build.NuGetSdkResolver.dll</ModulePath>
      <ModuleTime>2019-03-13T04:25:46Z</ModuleTime>
      <ModuleName>Microsoft.Build.NuGetSdkResolver</ModuleName>
      <Classes />
    </Module>
    <Module skippedDueTo="Filter" hash="E6-8A-0F-A1-D1-C7-4D-0D-98-A5-52-59-F3-D2-FC-50-5B-2E-0E-73">
      <ModulePath>C:\Program Files\dotnet\shared\Microsoft.NETCore.App\2.2.3\System.Diagnostics.FileVersionInfo.dll</ModulePath>
      <ModuleTime>2019-02-14T10:10:46Z</ModuleTime>
      <ModuleName>System.Diagnostics.FileVersionInfo</ModuleName>
      <Classes />
    </Module>
    <Module skippedDueTo="Filter" hash="C8-90-92-10-57-8D-FD-75-6B-14-44-95-70-D2-A7-A2-2C-FE-67-22">
      <ModulePath>C:\Program Files\dotnet\shared\Microsoft.NETCore.App\2.2.3\System.Private.CoreLib.dll</ModulePath>
      <ModuleTime>2019-02-14T10:10:48Z</ModuleTime>
      <ModuleName>System.Private.CoreLib</ModuleName>
      <Classes />
    </Module>
    <Module skippedDueTo="Filter" hash="3E-92-78-B0-05-2B-16-74-38-16-6A-CF-C2-2F-EC-6D-FC-61-55-35">
      <ModulePath>C:\Program Files\dotnet\sdk\2.2.202\MSBuild.dll</ModulePath>
      <ModuleTime>2019-03-13T04:29:18Z</ModuleTime>
      <ModuleName>MSBuild</ModuleName>
      <Classes />
    </Module>
    <Module skippedDueTo="Filter" hash="AB-18-BA-B2-75-F1-BD-B4-A8-81-F4-46-A2-98-6A-E2-0D-45-B0-C4">
      <ModulePath>C:\Program Files\dotnet\shared\Microsoft.NETCore.App\2.2.3\System.Runtime.dll</ModulePath>
      <ModuleTime>2019-02-14T10:10:48Z</ModuleTime>
      <ModuleName>System.Runtime</ModuleName>
      <Classes />
    </Module>
    <Module skippedDueTo="Filter" hash="C0-88-F2-D2-EE-29-3C-46-95-1B-53-A3-63-1E-35-34-86-A0-F1-C4">
      <ModulePath>C:\Program Files\dotnet\shared\Microsoft.NETCore.App\2.2.3\System.Runtime.Extensions.dll</ModulePath>
      <ModuleTime>2019-02-14T10:10:48Z</ModuleTime>
      <ModuleName>System.Runtime.Extensions</ModuleName>
      <Classes />
    </Module>
    <Module skippedDueTo="Filter" hash="72-3A-FC-B3-39-C2-A0-53-23-0C-C9-04-B4-18-C4-B9-B9-89-39-CE">
      <ModulePath>C:\Program Files\dotnet\shared\Microsoft.NETCore.App\2.2.3\System.Threading.dll</ModulePath>
      <ModuleTime>2019-02-14T10:10:48Z</ModuleTime>
      <ModuleName>System.Threading</ModuleName>
      <Classes />
    </Module>
    <Module skippedDueTo="Filter" hash="2A-29-78-7B-F3-F4-A0-90-F3-B6-3A-2B-3B-96-03-63-5F-76-9C-4C">
      <ModulePath>C:\Program Files\dotnet\shared\Microsoft.NETCore.App\2.2.3\System.Threading.Tasks.dll</ModulePath>
      <ModuleTime>2019-02-14T10:10:48Z</ModuleTime>
      <ModuleName>System.Threading.Tasks</ModuleName>
      <Classes />
    </Module>
    <Module skippedDueTo="Filter" hash="F4-40-20-01-00-58-33-39-16-78-E7-0B-4A-5A-DB-66-30-A0-1F-EC">
      <ModulePath>C:\Program Files\dotnet\shared\Microsoft.NETCore.App\2.2.3\System.Runtime.InteropServices.RuntimeInformation.dll</ModulePath>
      <ModuleTime>2019-02-14T10:10:48Z</ModuleTime>
      <ModuleName>System.Runtime.InteropServices.RuntimeInformation</ModuleName>
      <Classes />
    </Module>
    <Module skippedDueTo="Filter" hash="91-A0-61-8C-2D-31-61-2B-51-76-2E-59-A7-C4-65-A8-46-5F-20-A2">
      <ModulePath>C:\Program Files\dotnet\shared\Microsoft.NETCore.App\2.2.3\System.Linq.dll</ModulePath>
      <ModuleTime>2019-02-14T10:10:46Z</ModuleTime>
      <ModuleName>System.Linq</ModuleName>
      <Classes />
    </Module>
    <Module skippedDueTo="Filter" hash="54-07-77-70-F0-0F-C2-25-EE-43-90-E9-73-92-EB-97-28-83-40-8B">
      <ModulePath>C:\Program Files\dotnet\shared\Microsoft.NETCore.App\2.2.3\System.Text.RegularExpressions.dll</ModulePath>
      <ModuleTime>2019-02-14T10:10:48Z</ModuleTime>
      <ModuleName>System.Text.RegularExpressions</ModuleName>
      <Classes />
    </Module>
    <Module skippedDueTo="Filter" hash="65-6E-94-FB-55-E8-47-27-27-46-77-45-6E-89-E3-C2-7A-C4-B6-FC">
      <ModulePath>C:\Program Files\dotnet\shared\Microsoft.NETCore.App\2.2.3\System.Collections.dll</ModulePath>
      <ModuleTime>2019-02-14T10:10:46Z</ModuleTime>
      <ModuleName>System.Collections</ModuleName>
      <Classes />
    </Module>
    <Module skippedDueTo="Filter" hash="DA-D1-B7-D1-A2-14-5A-79-46-9C-34-EA-9C-9D-E6-0B-36-8D-02-DC">
      <ModulePath>C:\Program Files\dotnet\shared\Microsoft.NETCore.App\2.2.3\System.Buffers.dll</ModulePath>
      <ModuleTime>2019-02-14T10:10:46Z</ModuleTime>
      <ModuleName>System.Buffers</ModuleName>
      <Classes />
    </Module>
    <Module skippedDueTo="Filter" hash="D8-4F-F8-11-12-5E-45-AC-18-C4-2B-DF-B1-5B-A8-11-8E-C8-A3-75">
      <ModulePath>C:\Program Files\dotnet\shared\Microsoft.NETCore.App\2.2.3\System.IO.FileSystem.dll</ModulePath>
      <ModuleTime>2019-02-14T10:10:46Z</ModuleTime>
      <ModuleName>System.IO.FileSystem</ModuleName>
      <Classes />
    </Module>
    <Module skippedDueTo="Filter" hash="65-C6-85-9D-1B-D7-2E-24-22-C5-CA-68-64-69-0C-B8-DA-D7-69-65">
      <ModulePath>C:\Program Files\dotnet\shared\Microsoft.NETCore.App\2.2.3\System.Memory.dll</ModulePath>
      <ModuleTime>2019-02-14T10:10:46Z</ModuleTime>
      <ModuleName>System.Memory</ModuleName>
      <Classes />
    </Module>
    <Module skippedDueTo="Filter" hash="29-9D-77-1D-75-7E-63-F5-D3-9A-FC-EB-05-B8-A5-A0-08-19-BF-23">
      <ModulePath>C:\Program Files\dotnet\shared\Microsoft.NETCore.App\2.2.3\System.Runtime.InteropServices.dll</ModulePath>
      <ModuleTime>2019-02-14T10:10:48Z</ModuleTime>
      <ModuleName>System.Runtime.InteropServices</ModuleName>
      <Classes />
    </Module>
    <Module skippedDueTo="Filter" hash="46-88-E1-5B-05-A0-34-A4-39-6B-24-02-8D-AA-97-2A-AC-BD-CD-2D">
      <ModulePath>C:\Program Files\dotnet\shared\Microsoft.NETCore.App\2.2.3\System.Console.dll</ModulePath>
      <ModuleTime>2019-02-14T10:10:46Z</ModuleTime>
      <ModuleName>System.Console</ModuleName>
      <Classes />
    </Module>
    <Module skippedDueTo="Filter" hash="7D-55-61-F1-3C-1F-1F-C0-B5-76-87-B4-89-B3-D5-EA-DB-E9-D0-AE">
      <ModulePath>C:\Program Files\dotnet\shared\Microsoft.NETCore.App\2.2.3\System.Diagnostics.Process.dll</ModulePath>
      <ModuleTime>2019-02-14T10:10:46Z</ModuleTime>
      <ModuleName>System.Diagnostics.Process</ModuleName>
      <Classes />
    </Module>
    <Module skippedDueTo="Filter" hash="AA-C3-76-83-C9-11-D8-3F-AD-BC-F4-38-65-2C-BE-BC-34-74-5E-4D">
      <ModulePath>C:\Program Files\dotnet\shared\Microsoft.NETCore.App\2.2.3\System.ComponentModel.Primitives.dll</ModulePath>
      <ModuleTime>2019-02-14T10:10:46Z</ModuleTime>
      <ModuleName>System.ComponentModel.Primitives</ModuleName>
      <Classes />
    </Module>
    <Module skippedDueTo="Filter" hash="98-58-91-3F-22-FC-3F-84-45-4B-84-FE-DE-C2-8E-1F-70-0D-67-89">
      <ModulePath>C:\Program Files\dotnet\sdk\2.2.202\Microsoft.Build.Framework.dll</ModulePath>
      <ModuleTime>2019-03-13T04:25:48Z</ModuleTime>
      <ModuleName>Microsoft.Build.Framework</ModuleName>
      <Classes />
    </Module>
    <Module skippedDueTo="Filter" hash="8D-8F-EC-99-A8-8C-27-3C-0E-D4-6E-BE-E9-03-BC-E4-FF-9E-B6-31">
      <ModulePath>C:\Program Files\dotnet\shared\Microsoft.NETCore.App\2.2.3\netstandard.dll</ModulePath>
      <ModuleTime>2019-02-14T10:10:48Z</ModuleTime>
      <ModuleName>netstandard</ModuleName>
      <Classes />
    </Module>
    <Module skippedDueTo="Filter" hash="54-BB-40-27-78-59-2E-47-65-ED-BE-1D-6E-E8-CC-91-5E-C1-37-69">
      <ModulePath>C:\Program Files\dotnet\sdk\2.2.202\Microsoft.Build.dll</ModulePath>
      <ModuleTime>2019-03-13T04:25:52Z</ModuleTime>
      <ModuleName>Microsoft.Build</ModuleName>
      <Classes />
    </Module>
    <Module skippedDueTo="Filter" hash="13-C1-B8-F4-61-F9-69-68-E6-F1-AF-F7-B4-5A-78-6A-1B-0B-97-B9">
      <ModulePath>C:\Program Files\dotnet\sdk\2.2.202\runtimes\win\lib\netcoreapp2.0\System.Text.Encoding.CodePages.dll</ModulePath>
      <ModuleTime>2019-03-13T04:22:14Z</ModuleTime>
      <ModuleName>System.Text.Encoding.CodePages</ModuleName>
      <Classes />
    </Module>
    <Module skippedDueTo="Filter" hash="69-04-81-73-71-8E-9A-F6-72-3C-15-A5-1A-25-6E-A6-D8-9D-33-5E">
      <ModulePath>C:\Program Files\dotnet\shared\Microsoft.NETCore.App\2.2.3\System.Collections.Concurrent.dll</ModulePath>
      <ModuleTime>2019-02-14T10:10:46Z</ModuleTime>
      <ModuleName>System.Collections.Concurrent</ModuleName>
      <Classes />
    </Module>
    <Module skippedDueTo="Filter" hash="99-9E-7A-C5-7A-CB-49-C4-27-CD-A5-6A-D5-DF-2C-8F-89-DF-E4-AC">
      <ModulePath>C:\Program Files\dotnet\shared\Microsoft.NETCore.App\2.2.3\System.IO.Pipes.dll</ModulePath>
      <ModuleTime>2019-02-14T10:10:46Z</ModuleTime>
      <ModuleName>System.IO.Pipes</ModuleName>
      <Classes />
    </Module>
    <Module skippedDueTo="Filter" hash="A0-1B-B5-D1-21-40-34-B8-E7-35-C6-08-EB-B5-72-06-75-49-10-03">
      <ModulePath>C:\Program Files\dotnet\shared\Microsoft.NETCore.App\2.2.3\System.Text.Encoding.Extensions.dll</ModulePath>
      <ModuleTime>2019-02-14T10:10:48Z</ModuleTime>
      <ModuleName>System.Text.Encoding.Extensions</ModuleName>
      <Classes />
    </Module>
    <Module skippedDueTo="Filter" hash="9C-C0-29-1C-2B-67-E0-81-70-60-EF-9E-16-95-99-B6-39-FA-59-A5">
      <ModulePath>C:\Program Files\dotnet\shared\Microsoft.NETCore.App\2.2.3\System.Security.AccessControl.dll</ModulePath>
      <ModuleTime>2019-02-14T10:10:48Z</ModuleTime>
      <ModuleName>System.Security.AccessControl</ModuleName>
      <Classes />
    </Module>
    <Module skippedDueTo="Filter" hash="68-E0-FC-69-6D-5C-D2-B5-DF-C5-A2-E0-33-7A-47-BC-1E-B5-D7-7F">
      <ModulePath>C:\Program Files\dotnet\shared\Microsoft.NETCore.App\2.2.3\System.Security.Principal.Windows.dll</ModulePath>
      <ModuleTime>2019-02-14T10:10:48Z</ModuleTime>
      <ModuleName>System.Security.Principal.Windows</ModuleName>
      <Classes />
    </Module>
    <Module skippedDueTo="Filter" hash="4B-2E-D9-91-94-32-31-EF-27-40-2D-36-5F-C0-1F-16-83-BE-69-C6">
      <ModulePath>C:\Program Files\dotnet\shared\Microsoft.NETCore.App\2.2.3\System.Security.Claims.dll</ModulePath>
      <ModuleTime>2019-02-14T10:10:48Z</ModuleTime>
      <ModuleName>System.Security.Claims</ModuleName>
      <Classes />
    </Module>
    <Module skippedDueTo="Filter" hash="DD-A2-5D-1D-27-1D-01-7F-4D-49-AD-4F-5A-FE-82-3B-8B-24-A5-F2">
      <ModulePath>C:\Program Files\dotnet\shared\Microsoft.NETCore.App\2.2.3\System.Security.Principal.dll</ModulePath>
      <ModuleTime>2019-02-14T10:10:48Z</ModuleTime>
      <ModuleName>System.Security.Principal</ModuleName>
      <Classes />
    </Module>
    <Module skippedDueTo="Filter" hash="A5-38-31-6D-8A-46-36-31-BD-45-08-66-AA-51-00-A8-AA-C6-4F-6D">
      <ModulePath>C:\Program Files\dotnet\shared\Microsoft.NETCore.App\2.2.3\System.Threading.Overlapped.dll</ModulePath>
      <ModuleTime>2019-02-14T10:10:48Z</ModuleTime>
      <ModuleName>System.Threading.Overlapped</ModuleName>
      <Classes />
    </Module>
    <Module skippedDueTo="Filter" hash="A5-38-31-6D-8A-46-36-31-BD-45-08-66-AA-51-00-A8-AA-C6-4F-6D">
      <ModulePath>C:\Program Files\dotnet\shared\Microsoft.NETCore.App\2.2.3\System.Threading.Overlapped.dll</ModulePath>
      <ModuleTime>2019-02-14T10:10:48Z</ModuleTime>
      <ModuleName>System.Threading.Overlapped</ModuleName>
      <Classes />
    </Module>
    <Module skippedDueTo="Filter" hash="9C-C0-29-1C-2B-67-E0-81-70-60-EF-9E-16-95-99-B6-39-FA-59-A5">
      <ModulePath>C:\Program Files\dotnet\shared\Microsoft.NETCore.App\2.2.3\System.Security.AccessControl.dll</ModulePath>
      <ModuleTime>2019-02-14T10:10:48Z</ModuleTime>
      <ModuleName>System.Security.AccessControl</ModuleName>
      <Classes />
    </Module>
    <Module skippedDueTo="Filter" hash="68-E0-FC-69-6D-5C-D2-B5-DF-C5-A2-E0-33-7A-47-BC-1E-B5-D7-7F">
      <ModulePath>C:\Program Files\dotnet\shared\Microsoft.NETCore.App\2.2.3\System.Security.Principal.Windows.dll</ModulePath>
      <ModuleTime>2019-02-14T10:10:48Z</ModuleTime>
      <ModuleName>System.Security.Principal.Windows</ModuleName>
      <Classes />
    </Module>
    <Module skippedDueTo="Filter" hash="4B-2E-D9-91-94-32-31-EF-27-40-2D-36-5F-C0-1F-16-83-BE-69-C6">
      <ModulePath>C:\Program Files\dotnet\shared\Microsoft.NETCore.App\2.2.3\System.Security.Claims.dll</ModulePath>
      <ModuleTime>2019-02-14T10:10:48Z</ModuleTime>
      <ModuleName>System.Security.Claims</ModuleName>
      <Classes />
    </Module>
    <Module skippedDueTo="Filter" hash="CA-CC-55-64-63-DB-CC-41-9E-8B-CD-7F-91-C7-4D-4D-E2-83-97-FA">
      <ModulePath>C:\Program Files\dotnet\shared\Microsoft.NETCore.App\2.2.3\System.Threading.Thread.dll</ModulePath>
      <ModuleTime>2019-02-14T10:10:48Z</ModuleTime>
      <ModuleName>System.Threading.Thread</ModuleName>
      <Classes />
    </Module>
    <Module skippedDueTo="Filter" hash="4E-46-68-23-D1-CB-21-EF-F4-C1-80-85-1A-C9-00-37-65-ED-A5-89">
      <ModulePath>C:\Program Files\dotnet\shared\Microsoft.NETCore.App\2.2.3\System.ObjectModel.dll</ModulePath>
      <ModuleTime>2019-02-14T10:10:48Z</ModuleTime>
      <ModuleName>System.ObjectModel</ModuleName>
      <Classes />
    </Module>
    <Module skippedDueTo="Filter" hash="43-65-BD-A2-5D-E2-21-24-AC-40-68-87-9E-32-F6-E1-BD-68-A9-F8">
      <ModulePath>C:\Program Files\dotnet\shared\Microsoft.NETCore.App\2.2.3\System.Threading.Tasks.Dataflow.dll</ModulePath>
      <ModuleTime>2019-02-14T10:10:48Z</ModuleTime>
      <ModuleName>System.Threading.Tasks.Dataflow</ModuleName>
      <Classes />
    </Module>
    <Module skippedDueTo="Filter" hash="25-10-2D-E6-FB-13-3E-8A-CC-6F-82-A1-CB-58-0D-E7-59-92-BA-3F">
      <ModulePath>C:\Program Files\dotnet\shared\Microsoft.NETCore.App\2.2.3\System.Diagnostics.Tracing.dll</ModulePath>
      <ModuleTime>2019-02-14T10:10:46Z</ModuleTime>
      <ModuleName>System.Diagnostics.Tracing</ModuleName>
      <Classes />
    </Module>
    <Module skippedDueTo="Filter" hash="C9-3E-13-23-38-37-98-E9-1C-53-0F-78-EA-07-9E-23-BF-6E-A9-22">
      <ModulePath>C:\Program Files\dotnet\sdk\2.2.202\dotnet.dll</ModulePath>
      <ModuleTime>2019-03-13T04:22:06Z</ModuleTime>
      <ModuleName>dotnet</ModuleName>
      <Classes />
    </Module>
    <Module skippedDueTo="Filter" hash="3C-D9-FF-D1-39-66-80-21-E8-45-80-9D-0E-F3-58-C4-AD-FD-77-D2">
      <ModulePath>C:\Program Files\dotnet\sdk\2.2.202\Microsoft.DotNet.Tools.MigrateCommand.dll</ModulePath>
      <ModuleTime>2019-03-13T04:25:52Z</ModuleTime>
      <ModuleName>Microsoft.DotNet.Tools.MigrateCommand</ModuleName>
      <Classes />
    </Module>
    <Module skippedDueTo="Filter" hash="C4-59-BA-16-B6-83-5A-F8-DC-33-D3-C5-4F-67-96-1C-AE-79-E3-1F">
      <ModulePath>C:\Program Files\dotnet\sdk\2.2.202\Microsoft.DotNet.Configurer.dll</ModulePath>
      <ModuleTime>2019-03-13T04:25:46Z</ModuleTime>
      <ModuleName>Microsoft.DotNet.Configurer</ModuleName>
      <Classes />
    </Module>
    <Module skippedDueTo="Filter" hash="46-45-F2-CF-52-42-58-E3-40-8A-FF-F3-9C-0D-19-4D-63-9B-D3-C8">
      <ModulePath>C:\Program Files\dotnet\sdk\2.2.202\Microsoft.DotNet.Cli.Utils.dll</ModulePath>
      <ModuleTime>2019-03-13T04:25:56Z</ModuleTime>
      <ModuleName>Microsoft.DotNet.Cli.Utils</ModuleName>
      <Classes />
    </Module>
    <Module skippedDueTo="Filter" hash="45-1E-D4-6C-CB-F0-CE-FA-E2-40-89-9B-20-27-AD-8C-79-74-20-77">
      <ModulePath>C:\Program Files\dotnet\sdk\2.2.202\NuGet.Frameworks.dll</ModulePath>
      <ModuleTime>2019-03-13T04:28:12Z</ModuleTime>
      <ModuleName>NuGet.Frameworks</ModuleName>
      <Classes />
    </Module>
    <Module skippedDueTo="Filter" hash="55-0E-F3-13-8E-31-94-53-26-69-B0-FB-67-19-CF-65-49-B2-FC-1E">
      <ModulePath>C:\Program Files\dotnet\shared\Microsoft.NETCore.App\2.2.3\System.Resources.ResourceManager.dll</ModulePath>
      <ModuleTime>2019-02-14T10:10:48Z</ModuleTime>
      <ModuleName>System.Resources.ResourceManager</ModuleName>
      <Classes />
    </Module>
    <Module skippedDueTo="Filter" hash="C6-18-C3-63-C4-02-71-9D-8B-DF-36-92-A5-45-FB-29-3D-CF-90-0C">
      <ModulePath>C:\Program Files\dotnet\shared\Microsoft.NETCore.App\2.2.3\System.Xml.ReaderWriter.dll</ModulePath>
      <ModuleTime>2019-02-14T10:10:48Z</ModuleTime>
      <ModuleName>System.Xml.ReaderWriter</ModuleName>
      <Classes />
    </Module>
    <Module skippedDueTo="Filter" hash="93-69-84-23-FC-72-63-4A-6B-A6-1C-BC-1D-24-5D-99-46-21-BA-C8">
      <ModulePath>C:\Program Files\dotnet\shared\Microsoft.NETCore.App\2.2.3\System.Private.Xml.dll</ModulePath>
      <ModuleTime>2019-02-14T10:10:48Z</ModuleTime>
      <ModuleName>System.Private.Xml</ModuleName>
      <Classes />
    </Module>
    <Module skippedDueTo="Filter" hash="EB-95-8D-0C-A9-81-F8-5C-64-86-6D-4B-D3-D0-2C-A7-D5-E7-E7-AB">
      <ModulePath>C:\Program Files\dotnet\shared\Microsoft.NETCore.App\2.2.3\System.Security.Cryptography.Algorithms.dll</ModulePath>
      <ModuleTime>2019-02-14T10:10:48Z</ModuleTime>
      <ModuleName>System.Security.Cryptography.Algorithms</ModuleName>
      <Classes />
    </Module>
    <Module skippedDueTo="Filter" hash="CD-FB-45-96-0F-35-5F-C9-F7-87-F1-E9-5A-90-75-41-63-B7-4B-D3">
      <ModulePath>C:\Program Files\dotnet\shared\Microsoft.NETCore.App\2.2.3\System.Private.Uri.dll</ModulePath>
      <ModuleTime>2019-02-14T10:10:48Z</ModuleTime>
      <ModuleName>System.Private.Uri</ModuleName>
      <Classes />
    </Module>
    <Module skippedDueTo="Filter" hash="AF-8B-97-B7-B7-18-29-D1-6E-B5-E3-D3-91-57-1C-6A-44-55-55-03">
      <ModulePath>C:\Program Files\dotnet\shared\Microsoft.NETCore.App\2.2.3\Microsoft.Win32.Registry.dll</ModulePath>
      <ModuleTime>2019-02-14T10:10:46Z</ModuleTime>
      <ModuleName>Microsoft.Win32.Registry</ModuleName>
      <Classes />
    </Module>
    <Module skippedDueTo="Filter" hash="69-EF-68-44-E5-DC-EC-AF-D2-C5-A7-A7-29-0C-CD-3A-62-4D-2C-EC">
      <ModulePath>C:\Program Files\dotnet\shared\Microsoft.NETCore.App\2.2.3\System.Diagnostics.TraceSource.dll</ModulePath>
      <ModuleTime>2019-02-14T10:10:46Z</ModuleTime>
      <ModuleName>System.Diagnostics.TraceSource</ModuleName>
      <Classes />
    </Module>
    <Module skippedDueTo="Filter" hash="71-12-74-06-B3-8D-D2-6B-0F-87-78-42-53-C8-7B-F4-47-A7-EB-DB">
      <ModulePath>C:\Program Files\dotnet\shared\Microsoft.NETCore.App\2.2.3\System.Collections.Immutable.dll</ModulePath>
      <ModuleTime>2019-02-14T10:10:46Z</ModuleTime>
      <ModuleName>System.Collections.Immutable</ModuleName>
      <Classes />
    </Module>
    <Module skippedDueTo="Filter" hash="F9-37-76-B1-A1-E3-D4-8A-74-F1-25-AF-9F-A2-5E-7C-10-F5-94-C2">
      <ModulePath>C:\Program Files\dotnet\shared\Microsoft.NETCore.App\2.2.3\System.Threading.Tasks.Parallel.dll</ModulePath>
      <ModuleTime>2019-02-14T10:10:48Z</ModuleTime>
      <ModuleName>System.Threading.Tasks.Parallel</ModuleName>
      <Classes />
    </Module>
    <Module skippedDueTo="Filter" hash="11-4F-83-D7-09-86-89-7F-B1-C1-6F-B5-1F-F1-19-93-DB-01-69-43">
      <ModulePath>C:\Program Files\dotnet\sdk\2.2.202\Microsoft.Build.Utilities.Core.dll</ModulePath>
      <ModuleTime>2019-03-13T04:25:50Z</ModuleTime>
      <ModuleName>Microsoft.Build.Utilities.Core</ModuleName>
      <Classes />
    </Module>
    <Module skippedDueTo="Filter" hash="18-FB-C1-26-09-E6-80-C4-CD-C4-27-44-2A-2F-52-34-98-63-84-CE">
      <ModulePath>C:\Program Files\dotnet\shared\Microsoft.NETCore.App\2.2.3\System.Reflection.Emit.ILGeneration.dll</ModulePath>
      <ModuleTime>2019-02-14T10:10:48Z</ModuleTime>
      <ModuleName>System.Reflection.Emit.ILGeneration</ModuleName>
      <Classes />
    </Module>
    <Module skippedDueTo="Filter" hash="EA-00-20-45-44-F3-53-CE-6A-5D-36-3D-A4-AB-1F-62-58-87-F5-6E">
      <ModulePath>C:\Program Files\dotnet\shared\Microsoft.NETCore.App\2.2.3\System.Reflection.Emit.Lightweight.dll</ModulePath>
      <ModuleTime>2019-02-14T10:10:48Z</ModuleTime>
      <ModuleName>System.Reflection.Emit.Lightweight</ModuleName>
      <Classes />
    </Module>
    <Module skippedDueTo="Filter" hash="2B-E4-55-8C-04-8F-45-BA-24-3D-04-C5-31-7A-D9-48-4D-7A-D2-97">
      <ModulePath>C:\Program Files\dotnet\shared\Microsoft.NETCore.App\2.2.3\System.Reflection.Primitives.dll</ModulePath>
      <ModuleTime>2019-02-14T10:10:48Z</ModuleTime>
      <ModuleName>System.Reflection.Primitives</ModuleName>
      <Classes />
    </Module>
    <Module skippedDueTo="Filter" hash="C5-0D-03-BD-E0-B5-13-A7-90-54-0A-1C-8A-B3-07-A1-76-2E-7C-0D">
      <ModulePath>C:\Program Files\dotnet\shared\Microsoft.NETCore.App\2.2.3\System.Runtime.Serialization.Formatters.dll</ModulePath>
      <ModuleTime>2019-02-14T10:10:48Z</ModuleTime>
      <ModuleName>System.Runtime.Serialization.Formatters</ModuleName>
      <Classes />
    </Module>
    <Module skippedDueTo="Filter" hash="0E-85-9A-7F-90-33-F8-DF-C4-1C-B7-BC-36-8F-EF-A1-5F-3D-5B-E0">
      <ModulePath>C:\Program Files\dotnet\sdk\2.2.202\Microsoft.Build.Tasks.Core.dll</ModulePath>
      <ModuleTime>2019-03-13T04:25:48Z</ModuleTime>
      <ModuleName>Microsoft.Build.Tasks.Core</ModuleName>
      <Classes />
    </Module>
    <Module skippedDueTo="Filter" hash="56-E9-C1-D4-E0-A6-C2-4B-49-42-E7-C0-6A-EE-52-8D-79-D8-F8-E8">
      <ModulePath>C:\Program Files\dotnet\shared\Microsoft.NETCore.App\2.2.3\System.Threading.ThreadPool.dll</ModulePath>
      <ModuleTime>2019-02-14T10:10:48Z</ModuleTime>
      <ModuleName>System.Threading.ThreadPool</ModuleName>
      <Classes />
    </Module>
    <Module skippedDueTo="Filter" hash="8B-D9-1F-C5-3A-A4-67-A5-A5-C3-37-3E-CA-21-C6-87-DD-6C-D1-1B">
      <ModulePath>C:\Program Files\dotnet\sdk\2.2.202\Sdks\Microsoft.NET.Sdk\targets\..\tools\netcoreapp2.0/Microsoft.NET.Build.Tasks.dll</ModulePath>
      <ModuleTime>2019-03-13T04:25:26Z</ModuleTime>
      <ModuleName>Microsoft.NET.Build.Tasks</ModuleName>
      <Classes />
    </Module>
    <Module skippedDueTo="Filter" hash="0A-09-2D-F8-41-F4-56-70-D9-83-02-EF-4F-3A-B7-7F-A8-7E-12-4F">
      <ModulePath>C:\Program Files\dotnet\shared\Microsoft.NETCore.App\2.2.3\System.Runtime.Loader.dll</ModulePath>
      <ModuleTime>2019-02-14T10:10:48Z</ModuleTime>
      <ModuleName>System.Runtime.Loader</ModuleName>
      <Classes />
    </Module>
    <Module skippedDueTo="Filter" hash="8B-D9-1F-C5-3A-A4-67-A5-A5-C3-37-3E-CA-21-C6-87-DD-6C-D1-1B">
      <ModulePath>C:\Program Files\dotnet\sdk\2.2.202\Sdks\Microsoft.NET.Sdk\targets\..\tools\netcoreapp2.0/Microsoft.NET.Build.Tasks.dll</ModulePath>
      <ModuleTime>2019-03-13T04:25:26Z</ModuleTime>
      <ModuleName>Microsoft.NET.Build.Tasks</ModuleName>
      <Classes />
    </Module>
    <Module skippedDueTo="Filter" hash="C4-5D-73-16-47-85-44-87-A1-AB-A6-42-9F-D2-CD-F4-35-7A-2E-36">
      <ModulePath>C:\Program Files\dotnet\sdk\2.2.202\NuGet.Configuration.dll</ModulePath>
      <ModuleTime>2019-03-13T04:28:10Z</ModuleTime>
      <ModuleName>NuGet.Configuration</ModuleName>
      <Classes />
    </Module>
    <Module skippedDueTo="Filter" hash="B7-5A-AA-87-72-36-53-C7-8F-E5-77-7A-12-B0-1A-6F-3C-7B-09-98">
      <ModulePath>C:\Program Files\dotnet\sdk\2.2.202\NuGet.Build.Tasks.dll</ModulePath>
      <ModuleTime>2019-03-13T04:28:14Z</ModuleTime>
      <ModuleName>NuGet.Build.Tasks</ModuleName>
      <Classes />
    </Module>
    <Module skippedDueTo="Filter" hash="CB-98-66-1F-5E-B5-28-A8-84-4E-25-40-34-2F-72-5C-02-53-DC-62">
      <ModulePath>C:\Program Files\dotnet\sdk\2.2.202\NuGet.Commands.dll</ModulePath>
      <ModuleTime>2019-03-13T04:28:08Z</ModuleTime>
      <ModuleName>NuGet.Commands</ModuleName>
      <Classes />
    </Module>
    <Module skippedDueTo="Filter" hash="43-86-69-DC-AC-D9-91-54-AB-28-11-A4-05-99-7C-1C-55-68-7E-04">
      <ModulePath>C:\Program Files\dotnet\sdk\2.2.202\NuGet.Common.dll</ModulePath>
      <ModuleTime>2019-03-13T04:28:40Z</ModuleTime>
      <ModuleName>NuGet.Common</ModuleName>
      <Classes />
    </Module>
    <Module skippedDueTo="Filter" hash="C4-5D-73-16-47-85-44-87-A1-AB-A6-42-9F-D2-CD-F4-35-7A-2E-36">
      <ModulePath>C:\Program Files\dotnet\sdk\2.2.202\NuGet.Configuration.dll</ModulePath>
      <ModuleTime>2019-03-13T04:28:10Z</ModuleTime>
      <ModuleName>NuGet.Configuration</ModuleName>
      <Classes />
    </Module>
    <Module skippedDueTo="Filter" hash="C6-95-6B-0B-06-B7-D0-34-95-B2-08-6D-4D-2E-80-55-CA-4D-19-2D">
      <ModulePath>C:\Program Files\dotnet\shared\Microsoft.NETCore.App\2.2.3\System.Collections.NonGeneric.dll</ModulePath>
      <ModuleTime>2019-02-14T10:10:46Z</ModuleTime>
      <ModuleName>System.Collections.NonGeneric</ModuleName>
      <Classes />
    </Module>
    <Module skippedDueTo="Filter" hash="35-DB-0D-39-09-0A-14-96-EF-3F-E8-DA-71-68-97-05-73-66-C9-67">
      <ModulePath>C:\Program Files\dotnet\shared\Microsoft.NETCore.App\2.2.3\Microsoft.Win32.Primitives.dll</ModulePath>
      <ModuleTime>2019-02-14T10:10:46Z</ModuleTime>
      <ModuleName>Microsoft.Win32.Primitives</ModuleName>
      <Classes />
    </Module>
    <Module skippedDueTo="Filter" hash="C9-D3-CB-D6-44-A8-28-7A-02-20-37-D9-B7-6F-AA-B5-B2-AA-56-FD">
      <ModulePath>C:\Program Files\dotnet\shared\Microsoft.NETCore.App\2.2.3\System.Xml.XDocument.dll</ModulePath>
      <ModuleTime>2019-02-14T10:10:48Z</ModuleTime>
      <ModuleName>System.Xml.XDocument</ModuleName>
      <Classes />
    </Module>
    <Module skippedDueTo="Filter" hash="43-09-76-E0-0F-5F-FA-2B-D7-51-F2-7D-29-FF-5A-E7-DC-58-E6-5B">
      <ModulePath>C:\Program Files\dotnet\shared\Microsoft.NETCore.App\2.2.3\System.Private.Xml.Linq.dll</ModulePath>
      <ModuleTime>2019-02-14T10:10:48Z</ModuleTime>
      <ModuleName>System.Private.Xml.Linq</ModuleName>
      <Classes />
    </Module>
    <Module skippedDueTo="Filter" hash="68-5A-24-75-F5-57-31-8E-1B-2E-55-A0-0D-8E-3F-B1-26-E0-87-A9">
      <ModulePath>C:\Program Files\dotnet\shared\Microsoft.NETCore.App\2.2.3\System.Security.Cryptography.Primitives.dll</ModulePath>
      <ModuleTime>2019-02-14T10:10:48Z</ModuleTime>
      <ModuleName>System.Security.Cryptography.Primitives</ModuleName>
      <Classes />
    </Module>
    <Module skippedDueTo="Filter" hash="6B-6E-4A-1D-D0-FB-B7-75-35-9A-68-4B-24-D6-E3-FE-9F-4A-24-6F">
      <ModulePath>C:\Program Files\dotnet\sdk\2.2.202\NuGet.ProjectModel.dll</ModulePath>
      <ModuleTime>2019-03-13T04:28:20Z</ModuleTime>
      <ModuleName>NuGet.ProjectModel</ModuleName>
      <Classes />
    </Module>
    <Module skippedDueTo="Filter" hash="6A-CB-4F-06-58-9D-00-2C-5F-EC-35-BF-7F-57-09-1D-3A-63-56-52">
      <ModulePath>C:\Program Files\dotnet\sdk\2.2.202\NuGet.Versioning.dll</ModulePath>
      <ModuleTime>2019-03-13T04:28:18Z</ModuleTime>
      <ModuleName>NuGet.Versioning</ModuleName>
      <Classes />
    </Module>
    <Module skippedDueTo="Filter" hash="6B-6E-4A-1D-D0-FB-B7-75-35-9A-68-4B-24-D6-E3-FE-9F-4A-24-6F">
      <ModulePath>C:\Program Files\dotnet\sdk\2.2.202\NuGet.ProjectModel.dll</ModulePath>
      <ModuleTime>2019-03-13T04:28:20Z</ModuleTime>
      <ModuleName>NuGet.ProjectModel</ModuleName>
      <Classes />
    </Module>
    <Module skippedDueTo="Filter" hash="6A-CB-4F-06-58-9D-00-2C-5F-EC-35-BF-7F-57-09-1D-3A-63-56-52">
      <ModulePath>C:\Program Files\dotnet\sdk\2.2.202\NuGet.Versioning.dll</ModulePath>
      <ModuleTime>2019-03-13T04:28:18Z</ModuleTime>
      <ModuleName>NuGet.Versioning</ModuleName>
      <Classes />
    </Module>
    <Module skippedDueTo="Filter" hash="08-AA-FB-9D-BD-76-74-76-A8-47-F6-55-91-7A-0A-33-F6-DD-76-1C">
      <ModulePath>C:\Program Files\dotnet\sdk\2.2.202\NuGet.Packaging.dll</ModulePath>
      <ModuleTime>2019-03-13T04:28:18Z</ModuleTime>
      <ModuleName>NuGet.Packaging</ModuleName>
      <Classes />
    </Module>
    <Module skippedDueTo="Filter" hash="21-D4-1F-23-C7-A0-A8-94-4F-BD-D8-F3-22-C4-95-EA-9C-96-A4-C3">
      <ModulePath>C:\Program Files\dotnet\sdk\2.2.202\NuGet.Protocol.dll</ModulePath>
      <ModuleTime>2019-03-13T04:28:20Z</ModuleTime>
      <ModuleName>NuGet.Protocol</ModuleName>
      <Classes />
    </Module>
    <Module skippedDueTo="Filter" hash="F9-5B-3A-AB-40-39-73-4C-94-24-83-B5-BA-BF-0F-43-C5-0D-13-35">
      <ModulePath>C:\Program Files\dotnet\sdk\2.2.202\NuGet.Credentials.dll</ModulePath>
      <ModuleTime>2019-03-13T04:28:16Z</ModuleTime>
      <ModuleName>NuGet.Credentials</ModuleName>
      <Classes />
    </Module>
    <Module skippedDueTo="Filter" hash="65-E0-A3-86-55-D3-64-04-44-4D-54-8B-68-28-83-DC-73-CD-74-C6">
[...]
              <Summary numSequencePoints="0" visitedSequencePoints="0" numBranchPoints="0" visitedBranchPoints="0" sequenceCoverage="0" branchCoverage="0" maxCyclomaticComplexity="1" minCyclomaticComplexity="1" maxCrapScore="2" minCrapScore="2" visitedClasses="0" numClasses="0" visitedMethods="0" numMethods="0" />
              <MetadataToken>100663418</MetadataToken>
              <Name>System.Threading.Tasks.Task AspNetCore.Views__ViewImports::ExecuteAsync()</Name>
              <SequencePoints />
              <BranchPoints />
              <MethodPoint vc="0" uspid="561" ordinal="0" offset="0" />
            </Method>
            <Method visited="false" cyclomaticComplexity="1" nPathComplexity="0" sequenceCoverage="0" branchCoverage="0" crapScore="2" isConstructor="true" isStatic="false" isGetter="false" isSetter="false">
              <Summary numSequencePoints="0" visitedSequencePoints="0" numBranchPoints="0" visitedBranchPoints="0" sequenceCoverage="0" branchCoverage="0" maxCyclomaticComplexity="1" minCyclomaticComplexity="1" maxCrapScore="2" minCrapScore="2" visitedClasses="0" numClasses="0" visitedMethods="0" numMethods="0" />
              <MetadataToken>100663429</MetadataToken>
              <Name>System.Void AspNetCore.Views__ViewImports::.ctor()</Name>
              <SequencePoints />
              <BranchPoints />
              <MethodPoint vc="0" uspid="562" ordinal="0" offset="0" />
            </Method>
          </Methods>
        </Class>
        <Class>
          <Summary numSequencePoints="0" visitedSequencePoints="0" numBranchPoints="0" visitedBranchPoints="0" sequenceCoverage="0" branchCoverage="0" maxCyclomaticComplexity="1" minCyclomaticComplexity="1" maxCrapScore="2" minCrapScore="2" visitedClasses="0" numClasses="0" visitedMethods="0" numMethods="0" />
          <FullName>AspNetCore.Views__ViewImports/&lt;ExecuteAsync&gt;d__0</FullName>
          <Methods>
            <Method visited="false" cyclomaticComplexity="1" nPathComplexity="0" sequenceCoverage="0" branchCoverage="0" crapScore="2" isConstructor="true" isStatic="false" isGetter="false" isSetter="false">
              <Summary numSequencePoints="0" visitedSequencePoints="0" numBranchPoints="0" visitedBranchPoints="0" sequenceCoverage="0" branchCoverage="0" maxCyclomaticComplexity="1" minCyclomaticComplexity="1" maxCrapScore="2" minCrapScore="2" visitedClasses="0" numClasses="0" visitedMethods="0" numMethods="0" />
              <MetadataToken>100663537</MetadataToken>
              <Name>System.Void AspNetCore.Views__ViewImports/&lt;ExecuteAsync&gt;d__0::.ctor()</Name>
              <SequencePoints />
              <BranchPoints />
              <MethodPoint vc="0" uspid="563" ordinal="0" offset="0" />
            </Method>
            <Method visited="false" cyclomaticComplexity="1" nPathComplexity="0" sequenceCoverage="0" branchCoverage="0" crapScore="2" isConstructor="false" isStatic="false" isGetter="false" isSetter="false">
              <Summary numSequencePoints="0" visitedSequencePoints="0" numBranchPoints="0" visitedBranchPoints="0" sequenceCoverage="0" branchCoverage="0" maxCyclomaticComplexity="1" minCyclomaticComplexity="1" maxCrapScore="2" minCrapScore="2" visitedClasses="0" numClasses="0" visitedMethods="0" numMethods="0" />
              <MetadataToken>100663538</MetadataToken>
              <Name>System.Void AspNetCore.Views__ViewImports/&lt;ExecuteAsync&gt;d__0::MoveNext()</Name>
              <SequencePoints />
              <BranchPoints />
              <MethodPoint vc="0" uspid="564" ordinal="0" offset="0" />
            </Method>
            <Method visited="false" cyclomaticComplexity="1" nPathComplexity="0" sequenceCoverage="0" branchCoverage="0" crapScore="2" isConstructor="false" isStatic="false" isGetter="false" isSetter="false">
              <Summary numSequencePoints="0" visitedSequencePoints="0" numBranchPoints="0" visitedBranchPoints="0" sequenceCoverage="0" branchCoverage="0" maxCyclomaticComplexity="1" minCyclomaticComplexity="1" maxCrapScore="2" minCrapScore="2" visitedClasses="0" numClasses="0" visitedMethods="0" numMethods="0" />
              <MetadataToken>100663539</MetadataToken>
              <Name>System.Void AspNetCore.Views__ViewImports/&lt;ExecuteAsync&gt;d__0::SetStateMachine(System.Runtime.CompilerServices.IAsyncStateMachine)</Name>
              <SequencePoints />
              <BranchPoints />
              <MethodPoint vc="0" uspid="565" ordinal="0" offset="0" />
            </Method>
          </Methods>
        </Class>
        <Class>
          <Summary numSequencePoints="0" visitedSequencePoints="0" numBranchPoints="0" visitedBranchPoints="0" sequenceCoverage="0" branchCoverage="0" maxCyclomaticComplexity="1" minCyclomaticComplexity="1" maxCrapScore="2" minCrapScore="2" visitedClasses="0" numClasses="0" visitedMethods="0" numMethods="0" />
          <FullName>AspNetCore.Views__ViewStart</FullName>
          <Methods>
            <Method visited="false" cyclomaticComplexity="1" nPathComplexity="0" sequenceCoverage="0" branchCoverage="0" crapScore="2" isConstructor="false" isStatic="false" isGetter="true" isSetter="false">
              <Summary numSequencePoints="0" visitedSequencePoints="0" numBranchPoints="0" visitedBranchPoints="0" sequenceCoverage="0" branchCoverage="0" maxCyclomaticComplexity="1" minCyclomaticComplexity="1" maxCrapScore="2" minCrapScore="2" visitedClasses="0" numClasses="0" visitedMethods="0" numMethods="0" />
              <MetadataToken>100663431</MetadataToken>
              <Name>Microsoft.AspNetCore.Mvc.ViewFeatures.IModelExpressionProvider AspNetCore.Views__ViewStart::get_ModelExpressionProvider()</Name>
              <SequencePoints />
              <BranchPoints />
              <MethodPoint vc="0" uspid="566" ordinal="0" offset="0" />
            </Method>
            <Method visited="false" cyclomaticComplexity="1" nPathComplexity="0" sequenceCoverage="0" branchCoverage="0" crapScore="2" isConstructor="false" isStatic="false" isGetter="false" isSetter="true">
              <Summary numSequencePoints="0" visitedSequencePoints="0" numBranchPoints="0" visitedBranchPoints="0" sequenceCoverage="0" branchCoverage="0" maxCyclomaticComplexity="1" minCyclomaticComplexity="1" maxCrapScore="2" minCrapScore="2" visitedClasses="0" numClasses="0" visitedMethods="0" numMethods="0" />
              <MetadataToken>100663432</MetadataToken>
              <Name>System.Void AspNetCore.Views__ViewStart::set_ModelExpressionProvider(Microsoft.AspNetCore.Mvc.ViewFeatures.IModelExpressionProvider)</Name>
              <SequencePoints />
              <BranchPoints />
              <MethodPoint vc="0" uspid="567" ordinal="0" offset="0" />
            </Method>
            <Method visited="false" cyclomaticComplexity="1" nPathComplexity="0" sequenceCoverage="0" branchCoverage="0" crapScore="2" isConstructor="false" isStatic="false" isGetter="true" isSetter="false">
              <Summary numSequencePoints="0" visitedSequencePoints="0" numBranchPoints="0" visitedBranchPoints="0" sequenceCoverage="0" branchCoverage="0" maxCyclomaticComplexity="1" minCyclomaticComplexity="1" maxCrapScore="2" minCrapScore="2" visitedClasses="0" numClasses="0" visitedMethods="0" numMethods="0" />
              <MetadataToken>100663433</MetadataToken>
              <Name>Microsoft.AspNetCore.Mvc.IUrlHelper AspNetCore.Views__ViewStart::get_Url()</Name>
              <SequencePoints />
              <BranchPoints />
              <MethodPoint vc="0" uspid="568" ordinal="0" offset="0" />
            </Method>
            <Method visited="false" cyclomaticComplexity="1" nPathComplexity="0" sequenceCoverage="0" branchCoverage="0" crapScore="2" isConstructor="false" isStatic="false" isGetter="false" isSetter="true">
              <Summary numSequencePoints="0" visitedSequencePoints="0" numBranchPoints="0" visitedBranchPoints="0" sequenceCoverage="0" branchCoverage="0" maxCyclomaticComplexity="1" minCyclomaticComplexity="1" maxCrapScore="2" minCrapScore="2" visitedClasses="0" numClasses="0" visitedMethods="0" numMethods="0" />
              <MetadataToken>100663434</MetadataToken>
              <Name>System.Void AspNetCore.Views__ViewStart::set_Url(Microsoft.AspNetCore.Mvc.IUrlHelper)</Name>
              <SequencePoints />
              <BranchPoints />
              <MethodPoint vc="0" uspid="569" ordinal="0" offset="0" />
            </Method>
            <Method visited="false" cyclomaticComplexity="1" nPathComplexity="0" sequenceCoverage="0" branchCoverage="0" crapScore="2" isConstructor="false" isStatic="false" isGetter="true" isSetter="false">
              <Summary numSequencePoints="0" visitedSequencePoints="0" numBranchPoints="0" visitedBranchPoints="0" sequenceCoverage="0" branchCoverage="0" maxCyclomaticComplexity="1" minCyclomaticComplexity="1" maxCrapScore="2" minCrapScore="2" visitedClasses="0" numClasses="0" visitedMethods="0" numMethods="0" />
              <MetadataToken>100663435</MetadataToken>
              <Name>Microsoft.AspNetCore.Mvc.IViewComponentHelper AspNetCore.Views__ViewStart::get_Component()</Name>
              <SequencePoints />
              <BranchPoints />
              <MethodPoint vc="0" uspid="570" ordinal="0" offset="0" />
            </Method>
            <Method visited="false" cyclomaticComplexity="1" nPathComplexity="0" sequenceCoverage="0" branchCoverage="0" crapScore="2" isConstructor="false" isStatic="false" isGetter="false" isSetter="true">
              <Summary numSequencePoints="0" visitedSequencePoints="0" numBranchPoints="0" visitedBranchPoints="0" sequenceCoverage="0" branchCoverage="0" maxCyclomaticComplexity="1" minCyclomaticComplexity="1" maxCrapScore="2" minCrapScore="2" visitedClasses="0" numClasses="0" visitedMethods="0" numMethods="0" />
              <MetadataToken>100663436</MetadataToken>
              <Name>System.Void AspNetCore.Views__ViewStart::set_Component(Microsoft.AspNetCore.Mvc.IViewComponentHelper)</Name>
              <SequencePoints />
              <BranchPoints />
              <MethodPoint vc="0" uspid="571" ordinal="0" offset="0" />
            </Method>
            <Method visited="false" cyclomaticComplexity="1" nPathComplexity="0" sequenceCoverage="0" branchCoverage="0" crapScore="2" isConstructor="false" isStatic="false" isGetter="true" isSetter="false">
              <Summary numSequencePoints="0" visitedSequencePoints="0" numBranchPoints="0" visitedBranchPoints="0" sequenceCoverage="0" branchCoverage="0" maxCyclomaticComplexity="1" minCyclomaticComplexity="1" maxCrapScore="2" minCrapScore="2" visitedClasses="0" numClasses="0" visitedMethods="0" numMethods="0" />
              <MetadataToken>100663437</MetadataToken>
              <Name>Microsoft.AspNetCore.Mvc.Rendering.IJsonHelper AspNetCore.Views__ViewStart::get_Json()</Name>
              <SequencePoints />
              <BranchPoints />
              <MethodPoint vc="0" uspid="572" ordinal="0" offset="0" />
            </Method>
            <Method visited="false" cyclomaticComplexity="1" nPathComplexity="0" sequenceCoverage="0" branchCoverage="0" crapScore="2" isConstructor="false" isStatic="false" isGetter="false" isSetter="true">
              <Summary numSequencePoints="0" visitedSequencePoints="0" numBranchPoints="0" visitedBranchPoints="0" sequenceCoverage="0" branchCoverage="0" maxCyclomaticComplexity="1" minCyclomaticComplexity="1" maxCrapScore="2" minCrapScore="2" visitedClasses="0" numClasses="0" visitedMethods="0" numMethods="0" />
              <MetadataToken>100663438</MetadataToken>
              <Name>System.Void AspNetCore.Views__ViewStart::set_Json(Microsoft.AspNetCore.Mvc.Rendering.IJsonHelper)</Name>
              <SequencePoints />
              <BranchPoints />
              <MethodPoint vc="0" uspid="573" ordinal="0" offset="0" />
            </Method>
            <Method visited="false" cyclomaticComplexity="1" nPathComplexity="0" sequenceCoverage="0" branchCoverage="0" crapScore="2" isConstructor="false" isStatic="false" isGetter="true" isSetter="false">
              <Summary numSequencePoints="0" visitedSequencePoints="0" numBranchPoints="0" visitedBranchPoints="0" sequenceCoverage="0" branchCoverage="0" maxCyclomaticComplexity="1" minCyclomaticComplexity="1" maxCrapScore="2" minCrapScore="2" visitedClasses="0" numClasses="0" visitedMethods="0" numMethods="0" />
              <MetadataToken>100663439</MetadataToken>
              <Name>Microsoft.AspNetCore.Mvc.Rendering.IHtmlHelper`1&lt;System.Object&gt; AspNetCore.Views__ViewStart::get_Html()</Name>
              <SequencePoints />
              <BranchPoints />
              <MethodPoint vc="0" uspid="574" ordinal="0" offset="0" />
            </Method>
            <Method visited="false" cyclomaticComplexity="1" nPathComplexity="0" sequenceCoverage="0" branchCoverage="0" crapScore="2" isConstructor="false" isStatic="false" isGetter="false" isSetter="true">
              <Summary numSequencePoints="0" visitedSequencePoints="0" numBranchPoints="0" visitedBranchPoints="0" sequenceCoverage="0" branchCoverage="0" maxCyclomaticComplexity="1" minCyclomaticComplexity="1" maxCrapScore="2" minCrapScore="2" visitedClasses="0" numClasses="0" visitedMethods="0" numMethods="0" />
              <MetadataToken>100663440</MetadataToken>
              <Name>System.Void AspNetCore.Views__ViewStart::set_Html(Microsoft.AspNetCore.Mvc.Rendering.IHtmlHelper`1&lt;System.Object&gt;)</Name>
              <SequencePoints />
              <BranchPoints />
              <MethodPoint vc="0" uspid="575" ordinal="0" offset="0" />
            </Method>
            <Method visited="false" cyclomaticComplexity="1" nPathComplexity="0" sequenceCoverage="0" branchCoverage="0" crapScore="2" isConstructor="false" isStatic="false" isGetter="false" isSetter="false">
              <Summary numSequencePoints="0" visitedSequencePoints="0" numBranchPoints="0" visitedBranchPoints="0" sequenceCoverage="0" branchCoverage="0" maxCyclomaticComplexity="1" minCyclomaticComplexity="1" maxCrapScore="2" minCrapScore="2" visitedClasses="0" numClasses="0" visitedMethods="0" numMethods="0" />
              <MetadataToken>100663430</MetadataToken>
              <Name>System.Threading.Tasks.Task AspNetCore.Views__ViewStart::ExecuteAsync()</Name>
              <SequencePoints />
              <BranchPoints />
              <MethodPoint vc="0" uspid="576" ordinal="0" offset="0" />
            </Method>
            <Method visited="false" cyclomaticComplexity="1" nPathComplexity="0" sequenceCoverage="0" branchCoverage="0" crapScore="2" isConstructor="true" isStatic="false" isGetter="false" isSetter="false">
              <Summary numSequencePoints="0" visitedSequencePoints="0" numBranchPoints="0" visitedBranchPoints="0" sequenceCoverage="0" branchCoverage="0" maxCyclomaticComplexity="1" minCyclomaticComplexity="1" maxCrapScore="2" minCrapScore="2" visitedClasses="0" numClasses="0" visitedMethods="0" numMethods="0" />
              <MetadataToken>100663441</MetadataToken>
              <Name>System.Void AspNetCore.Views__ViewStart::.ctor()</Name>
              <SequencePoints />
              <BranchPoints />
              <MethodPoint vc="0" uspid="577" ordinal="0" offset="0" />
            </Method>
          </Methods>
        </Class>
        <Class>
          <Summary numSequencePoints="1" visitedSequencePoints="0" numBranchPoints="1" visitedBranchPoints="0" sequenceCoverage="0" branchCoverage="0" maxCyclomaticComplexity="1" minCyclomaticComplexity="1" maxCrapScore="2" minCrapScore="2" visitedClasses="0" numClasses="1" visitedMethods="0" numMethods="1" />
          <FullName>AspNetCore.Views__ViewStart/&lt;ExecuteAsync&gt;d__0</FullName>
          <Methods>
            <Method visited="false" cyclomaticComplexity="1" nPathComplexity="0" sequenceCoverage="0" branchCoverage="0" crapScore="2" isConstructor="true" isStatic="false" isGetter="false" isSetter="false">
              <Summary numSequencePoints="0" visitedSequencePoints="0" numBranchPoints="0" visitedBranchPoints="0" sequenceCoverage="0" branchCoverage="0" maxCyclomaticComplexity="1" minCyclomaticComplexity="1" maxCrapScore="2" minCrapScore="2" visitedClasses="0" numClasses="0" visitedMethods="0" numMethods="0" />
              <MetadataToken>100663540</MetadataToken>
              <Name>System.Void AspNetCore.Views__ViewStart/&lt;ExecuteAsync&gt;d__0::.ctor()</Name>
              <SequencePoints />
              <BranchPoints />
              <MethodPoint vc="0" uspid="578" ordinal="0" offset="0" />
            </Method>
            <Method visited="false" cyclomaticComplexity="1" nPathComplexity="0" sequenceCoverage="0" branchCoverage="0" crapScore="2" isConstructor="false" isStatic="false" isGetter="false" isSetter="false">
              <Summary numSequencePoints="1" visitedSequencePoints="0" numBranchPoints="1" visitedBranchPoints="0" sequenceCoverage="0" branchCoverage="0" maxCyclomaticComplexity="1" minCyclomaticComplexity="1" maxCrapScore="2" minCrapScore="2" visitedClasses="0" numClasses="0" visitedMethods="0" numMethods="1" />
              <MetadataToken>100663541</MetadataToken>
              <Name>System.Void AspNetCore.Views__ViewStart/&lt;ExecuteAsync&gt;d__0::MoveNext()</Name>
              <FileRef uid="22" />
              <SequencePoints>
                <SequencePoint vc="0" uspid="579" ordinal="0" offset="8" sl="2" sc="5" el="2" ec="24" bec="0" bev="0" fileid="22" />
              </SequencePoints>
              <BranchPoints />
              <MethodPoint vc="0" uspid="580" ordinal="0" offset="0" />
            </Method>
            <Method visited="false" cyclomaticComplexity="1" nPathComplexity="0" sequenceCoverage="0" branchCoverage="0" crapScore="2" isConstructor="false" isStatic="false" isGetter="false" isSetter="false">
              <Summary numSequencePoints="0" visitedSequencePoints="0" numBranchPoints="0" visitedBranchPoints="0" sequenceCoverage="0" branchCoverage="0" maxCyclomaticComplexity="1" minCyclomaticComplexity="1" maxCrapScore="2" minCrapScore="2" visitedClasses="0" numClasses="0" visitedMethods="0" numMethods="0" />
              <MetadataToken>100663542</MetadataToken>
              <Name>System.Void AspNetCore.Views__ViewStart/&lt;ExecuteAsync&gt;d__0::SetStateMachine(System.Runtime.CompilerServices.IAsyncStateMachine)</Name>
              <SequencePoints />
              <BranchPoints />
              <MethodPoint vc="0" uspid="581" ordinal="0" offset="0" />
            </Method>
          </Methods>
        </Class>
      </Classes>
    </Module>
    <Module skippedDueTo="Filter" hash="0B-62-40-90-58-76-E8-86-0D-1A-DC-F5-78-DB-B7-94-BC-00-10-0C">
      <ModulePath>C:\Program Files (x86)\Jenkins\workspace\demoDotNetCoreApp_pipeline\DemoDotNETCoreApplication.Tests\bin\Debug\netcoreapp2.2\xunit.runner.reporters.netcoreapp10.dll</ModulePath>
      <ModuleTime>2018-07-16T22:48:26Z</ModuleTime>
      <ModuleName>xunit.runner.reporters.netcoreapp10</ModuleName>
      <Classes />
    </Module>
    <Module skippedDueTo="Filter" hash="16-7C-D1-8D-0E-08-82-D2-50-9C-9A-FF-7A-6F-C1-DB-D3-21-8A-72">
      <ModulePath>C:\Program Files (x86)\Jenkins\workspace\demoDotNetCoreApp_pipeline\DemoDotNETCoreApplication.Tests\bin\Debug\netcoreapp2.2\xunit.runner.visualstudio.dotnetcore.testadapter.dll</ModulePath>
      <ModuleTime>2018-07-16T22:48:28Z</ModuleTime>
      <ModuleName>xunit.runner.visualstudio.dotnetcore.testadapter</ModuleName>
      <Classes />
    </Module>
    <Module skippedDueTo="Filter" hash="79-77-57-9B-26-09-30-CD-C6-74-AC-23-7D-0F-76-AF-8F-5F-D1-45">
      <ModulePath>C:\Program Files\dotnet\shared\Microsoft.NETCore.App\2.2.3\System.ComponentModel.dll</ModulePath>
      <ModuleTime>2019-02-14T10:10:46Z</ModuleTime>
      <ModuleName>System.ComponentModel</ModuleName>
      <Classes />
    </Module>
  </Modules>
</CoverageSession>